{"numTotalTestSuites":200,"numPassedTestSuites":195,"numFailedTestSuites":5,"numPendingTestSuites":0,"numTotalTests":1517,"numPassedTests":1508,"numFailedTests":9,"numPendingTests":0,"numTodoTests":0,"snapshot":{"added":0,"failure":false,"filesAdded":0,"filesRemoved":0,"filesRemovedList":[],"filesUnmatched":0,"filesUpdated":0,"matched":0,"total":0,"unchecked":0,"uncheckedKeysByFile":[],"unmatched":0,"updated":0,"didUpdate":false},"startTime":1788802029835,"success":false,"testResults":[{"assertionResults":[{"ancestorTitles":[],"fullName":"反馈独立于输入框，不抢焦点，普通提示自动消失","status":"passed","title":"反馈独立于输入框，不抢焦点，普通提示自动消失","duration":28.578959000000054,"failureMessages":[],"meta":{},"tags":[],"benchmarks":[]},{"ancestorTitles":[],"fullName":"悬停和键盘焦点暂停计时，关闭按钮恢复原输入焦点","status":"passed","title":"悬停和键盘焦点暂停计时，关闭按钮恢复原输入焦点","duration":4.822874999999954,"failureMessages":[],"meta":{},"tags":[],"benchmarks":[]},{"ancestorTitles":[],"fullName":"错误不被旧计时器关闭，下一条反馈替换而不堆叠","status":"passed","title":"错误不被旧计时器关闭，下一条反馈替换而不堆叠","duration":8.39179200000001,"failureMessages":[],"meta":{},"tags":[],"benchmarks":[]},{"ancestorTitles":[],"fullName":"可操作提示保留到用户处理，清空反馈不会留下底部占位","status":"passed","title":"可操作提示保留到用户处理，清空反馈不会留下底部占位","duration":3.76304099999993,"failureMessages":[],"meta":{},"tags":[],"benchmarks":[]},{"ancestorTitles":[],"fullName":"相同错误新增设置动作时刷新按钮，不被去重丢失","status":"passed","title":"相同错误新增设置动作时刷新按钮，不被去重丢失","duration":4.4647919999999885,"failureMessages":[],"meta":{},"tags":[],"benchmarks":[]}],"startTime":1788802187147,"endTime":1788802187197.4648,"status":"passed","message":"","name":"/Users/Zhuanz1/.codex/worktrees/browser-executor-baseline-20260908/浏览器网页批注插件/tests/action-notice.test.ts"},{"assertionResults":[{"ancestorTitles":[],"fullName":"窄屏把完整动作移入更多，顺序保留，变宽后恢复最多六个","status":"passed","title":"窄屏把完整动作移入更多，顺序保留，变宽后恢复最多六个","duration":36.40766700000006,"failureMessages":[],"meta":{},"tags":[],"benchmarks":[]},{"ancestorTitles":[],"fullName":"0 个动作在各场景与四种侧栏宽度下不丢失、不重排","status":"passed","title":"0 个动作在各场景与四种侧栏宽度下不丢失、不重排","duration":11.088540999999964,"failureMessages":[],"meta":{},"tags":[],"benchmarks":[]},{"ancestorTitles":[],"fullName":"1 个动作在各场景与四种侧栏宽度下不丢失、不重排","status":"passed","title":"1 个动作在各场景与四种侧栏宽度下不丢失、不重排","duration":9.72700000000009,"failureMessages":[],"meta":{},"tags":[],"benchmarks":[]},{"ancestorTitles":[],"fullName":"6 个动作在各场景与四种侧栏宽度下不丢失、不重排","status":"passed","title":"6 个动作在各场景与四种侧栏宽度下不丢失、不重排","duration":16.65854200000001,"failureMessages":[],"meta":{},"tags":[],"benchmarks":[]},{"ancestorTitles":[],"fullName":"7 个动作在各场景与四种侧栏宽度下不丢失、不重排","status":"passed","title":"7 个动作在各场景与四种侧栏宽度下不丢失、不重排","duration":17.861875000000055,"failureMessages":[],"meta":{},"tags":[],"benchmarks":[]},{"ancestorTitles":[],"fullName":"12 个动作在各场景与四种侧栏宽度下不丢失、不重排","status":"passed","title":"12 个动作在各场景与四种侧栏宽度下不丢失、不重排","duration":37.233041999999955,"failureMessages":[],"meta":{},"tags":[],"benchmarks":[]},{"ancestorTitles":[],"fullName":"截图始终占据最后位置，窄屏只收纳动作，无动作也能截图","status":"passed","title":"截图始终占据最后位置，窄屏只收纳动作，无动作也能截图","duration":17.104959000000008,"failureMessages":[],"meta":{},"tags":[],"benchmarks":[]},{"ancestorTitles":[],"fullName":"更多列表分离添加与管理，置顶后保持展开并同步图钉","status":"passed","title":"更多列表分离添加与管理，置顶后保持展开并同步图钉","duration":8.788166000000047,"failureMessages":[],"meta":{},"tags":[],"benchmarks":[]},{"ancestorTitles":[],"fullName":"拖动把手和 Alt 方向键直接排序，不执行操作，取消拖动不保存","status":"passed","title":"拖动把手和 Alt 方向键直接排序，不执行操作，取消拖动不保存","duration":6.600957999999991,"failureMessages":[],"meta":{},"tags":[],"benchmarks":[]},{"ancestorTitles":[],"fullName":"紧凑写作入口保留所有动作、截图和菜单操作，恢复后显示把手","status":"passed","title":"紧凑写作入口保留所有动作、截图和菜单操作，恢复后显示把手","duration":7.705208000000084,"failureMessages":[],"meta":{},"tags":[],"benchmarks":[]}],"startTime":1788802135900,"endTime":1788802136069.7053,"status":"passed","message":"","name":"/Users/Zhuanz1/.codex/worktrees/browser-executor-baseline-20260908/浏览器网页批注插件/tests/adaptive-action-toolbar.test.ts"},{"assertionResults":[{"ancestorTitles":[],"fullName":"创建后按真实编号回读，与手工存储共用；重试不重复分配，修改内容不能复用 key","status":"passed","title":"创建后按真实编号回读，与手工存储共用；重试不重复分配，修改内容不能复用 key","duration":105.81504100000006,"failureMessages":[],"meta":{},"tags":[],"benchmarks":[]},{"ancestorTitles":[],"fullName":"并发同 key 保存只产生一条；用户删除后回读如实报错，其他任务不能读取","status":"passed","title":"并发同 key 保存只产生一条；用户删除后回读如实报错，其他任务不能读取","duration":9.656624999999963,"failureMessages":[],"meta":{},"tags":[],"benchmarks":[]},{"ancestorTitles":[],"fullName":"取消、过期目标、存储容量不足不留下批注；同步失败不否认实际保存","status":"passed","title":"取消、过期目标、存储容量不足不留下批注；同步失败不否认实际保存","duration":9.863249999999994,"failureMessages":[],"meta":{},"tags":[],"benchmarks":[]},{"ancestorTitles":[],"fullName":"SEO 证据落盘→批注回读→报告发布使用同一来源与真实编号，原网页不变","status":"passed","title":"SEO 证据落盘→批注回读→报告发布使用同一来源与真实编号，原网页不变","duration":44.2650000000001,"failureMessages":[],"meta":{},"tags":[],"benchmarks":[]}],"startTime":1788802145623,"endTime":1788802145792.265,"status":"passed","message":"","name":"/Users/Zhuanz1/.codex/worktrees/browser-executor-baseline-20260908/浏览器网页批注插件/tests/agent-annotations.test.ts"},{"assertionResults":[{"ancestorTitles":[],"fullName":"复现：合法大快照进入真实 SDK 请求，UI 的 22000 字符截断不限制模型输入","status":"passed","title":"复现：合法大快照进入真实 SDK 请求，UI 的 22000 字符截断不限制模型输入","duration":71.88570799999997,"failureMessages":[],"meta":{},"tags":[],"benchmarks":[]},{"ancestorTitles":[],"fullName":"回归：大页面重复观察后仍可完成，连续恢复两次均可进入模型","status":"passed","title":"回归：大页面重复观察后仍可完成，连续恢复两次均可进入模型","duration":155.78270799999996,"failureMessages":[],"meta":{},"tags":[],"benchmarks":[]},{"ancestorTitles":[],"fullName":"复现：旧 writeFile 工具参数正文不参与压缩，即使结果已经很小","status":"passed","title":"复现：旧 writeFile 工具参数正文不参与压缩，即使结果已经很小","duration":1.588124999999991,"failureMessages":[],"meta":{},"tags":[],"benchmarks":[]},{"ancestorTitles":[],"fullName":"复现：历史网页观察作为 user 消息不被压缩","status":"passed","title":"复现：历史网页观察作为 user 消息不被压缩","duration":2.606458000000032,"failureMessages":[],"meta":{},"tags":[],"benchmarks":[]},{"ancestorTitles":[],"fullName":"复现：旧结果精简确实发生，但只改变准备请求，持久化原文不变","status":"passed","title":"复现：旧结果精简确实发生，但只改变准备请求，持久化原文不变","duration":0.27924999999999045,"failureMessages":[],"meta":{},"tags":[],"benchmarks":[]},{"ancestorTitles":[],"fullName":"回归：有无 SkillRuntime 均由统一上下文管理处理","status":"passed","title":"回归：有无 SkillRuntime 均由统一上下文管理处理","duration":12.144583000000011,"failureMessages":[],"meta":{},"tags":[],"benchmarks":[]},{"ancestorTitles":[],"fullName":"验证官方 toModelOutput 能将工具原始结果与模型可见结果分离","status":"passed","title":"验证官方 toModelOutput 能将工具原始结果与模型可见结果分离","duration":2.265124999999955,"failureMessages":[],"meta":{},"tags":[],"benchmarks":[]}],"startTime":1788802125532,"endTime":1788802125778.2651,"status":"passed","message":"","name":"/Users/Zhuanz1/.codex/worktrees/browser-executor-baseline-20260908/浏览器网页批注插件/tests/agent-context-audit.test.ts"},{"assertionResults":[{"ancestorTitles":[],"fullName":"生产 PageAgent 提取 160 个长链接（URL 附加 800 字符）即可超过本地预算","status":"passed","title":"生产 PageAgent 提取 160 个长链接（URL 附加 800 字符）即可超过本地预算","duration":409.978833,"failureMessages":[],"meta":{},"tags":[],"benchmarks":[]},{"ancestorTitles":[],"fullName":"生产 PageAgent 提取 160 个长链接（URL 附加 2000 字符）即可超过本地预算","status":"passed","title":"生产 PageAgent 提取 160 个长链接（URL 附加 2000 字符）即可超过本地预算","duration":629.6452079999999,"failureMessages":[],"meta":{},"tags":[],"benchmarks":[]}],"startTime":1788802065914,"endTime":1788802066953.6453,"status":"passed","message":"","name":"/Users/Zhuanz1/.codex/worktrees/browser-executor-baseline-20260908/浏览器网页批注插件/tests/agent-context-dom-stress.test.ts"},{"assertionResults":[{"ancestorTitles":[],"fullName":"结果大小 100 字符的持续循环：1000 步持续循环自动整理上下文","status":"passed","title":"结果大小 100 字符的持续循环：1000 步持续循环自动整理上下文","duration":16750.30225,"failureMessages":[],"meta":{},"tags":[],"benchmarks":[]},{"ancestorTitles":[],"fullName":"结果大小 1000 字符的持续循环：1000 步持续循环自动整理上下文","status":"passed","title":"结果大小 1000 字符的持续循环：1000 步持续循环自动整理上下文","duration":14321.624875000001,"failureMessages":[],"meta":{},"tags":[],"benchmarks":[]},{"ancestorTitles":[],"fullName":"结果大小 2400 字符的持续循环：1000 步持续循环自动整理上下文","status":"passed","title":"结果大小 2400 字符的持续循环：1000 步持续循环自动整理上下文","duration":19258.157416999995,"failureMessages":[],"meta":{},"tags":[],"benchmarks":[]},{"ancestorTitles":[],"fullName":"结果大小 2500 字符的持续循环：1000 步持续循环自动整理上下文","status":"passed","title":"结果大小 2500 字符的持续循环：1000 步持续循环自动整理上下文","duration":17676.346124999996,"failureMessages":[],"meta":{},"tags":[],"benchmarks":[]},{"ancestorTitles":[],"fullName":"结果大小 8000 字符的持续循环：1000 步持续循环自动整理上下文","status":"passed","title":"结果大小 8000 字符的持续循环：1000 步持续循环自动整理上下文","duration":32450.827999999994,"failureMessages":[],"meta":{},"tags":[],"benchmarks":[]},{"ancestorTitles":[],"fullName":"结果大小 22000 字符的持续循环：1000 步持续循环自动整理上下文","status":"passed","title":"结果大小 22000 字符的持续循环：1000 步持续循环自动整理上下文","duration":71419.59383299999,"failureMessages":[],"meta":{},"tags":[],"benchmarks":[]},{"ancestorTitles":[],"fullName":"激活 0 个技能时的上下文容量与技能正文完整性","status":"passed","title":"激活 0 个技能时的上下文容量与技能正文完整性","duration":1656.6118330000027,"failureMessages":[],"meta":{},"tags":[],"benchmarks":[]},{"ancestorTitles":[],"fullName":"激活 4 个技能时的上下文容量与技能正文完整性","status":"passed","title":"激活 4 个技能时的上下文容量与技能正文完整性","duration":1751.0666670000064,"failureMessages":[],"meta":{},"tags":[],"benchmarks":[]},{"ancestorTitles":[],"fullName":"160 链接、每条 URL 附加 0 字符的页面压力","status":"passed","title":"160 链接、每条 URL 附加 0 字符的页面压力","duration":1442.668249999988,"failureMessages":[],"meta":{},"tags":[],"benchmarks":[]},{"ancestorTitles":[],"fullName":"160 链接、每条 URL 附加 90 字符的页面压力","status":"passed","title":"160 链接、每条 URL 附加 90 字符的页面压力","duration":1396.782790999976,"failureMessages":[],"meta":{},"tags":[],"benchmarks":[]},{"ancestorTitles":[],"fullName":"160 链接、每条 URL 附加 800 字符的页面压力","status":"passed","title":"160 链接、每条 URL 附加 800 字符的页面压力","duration":1681.2073329999985,"failureMessages":[],"meta":{},"tags":[],"benchmarks":[]},{"ancestorTitles":[],"fullName":"160 链接、每条 URL 附加 2000 字符的页面压力","status":"passed","title":"160 链接、每条 URL 附加 2000 字符的页面压力","duration":1988.1111669999955,"failureMessages":[],"meta":{},"tags":[],"benchmarks":[]},{"ancestorTitles":[],"fullName":"实际工具写入 14KB 文件：测累积参数、失败后的文件保全及存储重启恢复十次","status":"passed","title":"实际工具写入 14KB 文件：测累积参数、失败后的文件保全及存储重启恢复十次","duration":859.321958000015,"failureMessages":[],"meta":{},"tags":[],"benchmarks":[]},{"ancestorTitles":[],"fullName":"历史 105000 字符时回答问题：比较预算内成功和跨预算失败","status":"passed","title":"历史 105000 字符时回答问题：比较预算内成功和跨预算失败","duration":72.47783299998264,"failureMessages":[],"meta":{},"tags":[],"benchmarks":[]},{"ancestorTitles":[],"fullName":"历史 115000 字符时回答问题：比较预算内成功和跨预算失败","status":"passed","title":"历史 115000 字符时回答问题：比较预算内成功和跨预算失败","duration":66.72958400001517,"failureMessages":[],"meta":{},"tags":[],"benchmarks":[]},{"ancestorTitles":[],"fullName":"经过 deepseek 官方适配器序列化后测量真实请求体（本地替代 HTTP 响应）","status":"passed","title":"经过 deepseek 官方适配器序列化后测量真实请求体（本地替代 HTTP 响应）","duration":2110.7582500000135,"failureMessages":[],"meta":{},"tags":[],"benchmarks":[]},{"ancestorTitles":[],"fullName":"经过 custom 官方适配器序列化后测量真实请求体（本地替代 HTTP 响应）","status":"passed","title":"经过 custom 官方适配器序列化后测量真实请求体（本地替代 HTTP 响应）","duration":2636.410458999977,"failureMessages":[],"meta":{},"tags":[],"benchmarks":[]},{"ancestorTitles":[],"fullName":"官方接口对照：raw 返回策略 + 投影 + pruneMessages 运行 1000 步","status":"passed","title":"官方接口对照：raw 返回策略 + 投影 + pruneMessages 运行 1000 步","duration":703.0912499999977,"failureMessages":[],"meta":{},"tags":[],"benchmarks":[]},{"ancestorTitles":[],"fullName":"官方接口对照：reference 返回策略 + 投影 + pruneMessages 运行 1000 步","status":"passed","title":"官方接口对照：reference 返回策略 + 投影 + pruneMessages 运行 1000 步","duration":619.4550000000163,"failureMessages":[],"meta":{},"tags":[],"benchmarks":[]},{"ancestorTitles":[],"fullName":"官方 pruneMessages 保留跨裁剪边界的调用配对，但不会自动保存被裁剪结果中的事实","status":"passed","title":"官方 pruneMessages 保留跨裁剪边界的调用配对，但不会自动保存被裁剪结果中的事实","duration":1.7374159999890253,"failureMessages":[],"meta":{},"tags":[],"benchmarks":[]},{"ancestorTitles":[],"fullName":"核实官方 include 的实际行为，显式保留请求体=false","status":"passed","title":"核实官方 include 的实际行为，显式保留请求体=false","duration":16.603708999988157,"failureMessages":[],"meta":{},"tags":[],"benchmarks":[]},{"ancestorTitles":[],"fullName":"核实官方 include 的实际行为，显式保留请求体=true","status":"passed","title":"核实官方 include 的实际行为，显式保留请求体=true","duration":1.008665999979712,"failureMessages":[],"meta":{},"tags":[],"benchmarks":[]},{"ancestorTitles":[],"fullName":"排队消息在上一轮结束后一起送出，跨预算时自动整理后继续执行","status":"passed","title":"排队消息在上一轮结束后一起送出，跨预算时自动整理后继续执行","duration":48.079292000009445,"failureMessages":[],"meta":{},"tags":[],"benchmarks":[]}],"startTime":1788802032543,"endTime":1788802221476.0793,"status":"passed","message":"","name":"/Users/Zhuanz1/.codex/worktrees/browser-executor-baseline-20260908/浏览器网页批注插件/tests/agent-context-stress.test.ts"},{"assertionResults":[{"ancestorTitles":[],"fullName":"转换文件保留原始二进制来源哈希，导入事务不会遗漏 Office 多工作表","status":"passed","title":"转换文件保留原始二进制来源哈希，导入事务不会遗漏 Office 多工作表","duration":33.43908299999998,"failureMessages":[],"meta":{},"tags":[],"benchmarks":[]},{"ancestorTitles":[],"fullName":"原始 CSV 的 BOM、引号、换行、空值和零保留；同名导入独立且来源哈希可复核","status":"passed","title":"原始 CSV 的 BOM、引号、换行、空值和零保留；同名导入独立且来源哈希可复核","duration":3.7542080000000055,"failureMessages":[],"meta":{},"tags":[],"benchmarks":[]},{"ancestorTitles":[],"fullName":"支持带 BOM 的 utf-16le，保持正文字符与换行","status":"passed","title":"支持带 BOM 的 utf-16le，保持正文字符与换行","duration":0.44595800000001873,"failureMessages":[],"meta":{},"tags":[],"benchmarks":[]},{"ancestorTitles":[],"fullName":"支持带 BOM 的 utf-16be，保持正文字符与换行","status":"passed","title":"支持带 BOM 的 utf-16be，保持正文字符与换行","duration":0.2120830000000069,"failureMessages":[],"meta":{},"tags":[],"benchmarks":[]},{"ancestorTitles":[],"fullName":"错误编码、二进制、路径、超限及重复名字整批拒绝，不留下部分文件","status":"passed","title":"错误编码、二进制、路径、超限及重复名字整批拒绝，不留下部分文件","duration":9.22075000000001,"failureMessages":[],"meta":{},"tags":[],"benchmarks":[]},{"ancestorTitles":[],"fullName":"超过文件路径容量时整个导入事务回滚，包括已经处理的第一份文件","status":"passed","title":"超过文件路径容量时整个导入事务回滚，包括已经处理的第一份文件","duration":374.15450000000004,"failureMessages":[],"meta":{},"tags":[],"benchmarks":[]},{"ancestorTitles":[],"fullName":"服务层串行导入和删除；删除后不得重新写入孤立任务文件","status":"passed","title":"服务层串行导入和删除；删除后不得重新写入孤立任务文件","duration":6.6720000000000255,"failureMessages":[],"meta":{},"tags":[],"benchmarks":[]},{"ancestorTitles":[],"fullName":"上传 brief.md 后 Agent 的 readFile 工具拿到真实正文，不是只有文件名","status":"passed","title":"上传 brief.md 后 Agent 的 readFile 工具拿到真实正文，不是只有文件名","duration":3.5438749999999573,"failureMessages":[],"meta":{},"tags":[],"benchmarks":[]},{"ancestorTitles":[],"fullName":"上传 source.csv 后 Agent 的 readFile 工具拿到真实正文，不是只有文件名","status":"passed","title":"上传 source.csv 后 Agent 的 readFile 工具拿到真实正文，不是只有文件名","duration":2.480000000000018,"failureMessages":[],"meta":{},"tags":[],"benchmarks":[]}],"startTime":1788802086542,"endTime":1788802086975.48,"status":"passed","message":"","name":"/Users/Zhuanz1/.codex/worktrees/browser-executor-baseline-20260908/浏览器网页批注插件/tests/agent-file-import.test.ts"},{"assertionResults":[{"ancestorTitles":[],"fullName":"首次读取兼容省略版本；改稿、删除并重开文件库后，仍按原版本和UTF-16游标续读","status":"passed","title":"首次读取兼容省略版本；改稿、删除并重开文件库后，仍按原版本和UTF-16游标续读","duration":20.309458000000006,"failureMessages":[],"meta":{},"tags":[],"benchmarks":[]},{"ancestorTitles":[],"fullName":"固定版本不存在、跨任务、删除版本及二进制读取都不降级为最新正文","status":"passed","title":"固定版本不存在、跨任务、删除版本及二进制读取都不降级为最新正文","duration":6.5376660000000015,"failureMessages":[],"meta":{},"tags":[],"benchmarks":[]},{"ancestorTitles":[],"fullName":"SDK输入schema拒绝无效版本 0","status":"passed","title":"SDK输入schema拒绝无效版本 0","duration":0.9432079999999985,"failureMessages":[],"meta":{},"tags":[],"benchmarks":[]},{"ancestorTitles":[],"fullName":"SDK输入schema拒绝无效版本 -1","status":"passed","title":"SDK输入schema拒绝无效版本 -1","duration":0.5307080000000042,"failureMessages":[],"meta":{},"tags":[],"benchmarks":[]},{"ancestorTitles":[],"fullName":"SDK输入schema拒绝无效版本 1.5","status":"passed","title":"SDK输入schema拒绝无效版本 1.5","duration":0.5740000000000123,"failureMessages":[],"meta":{},"tags":[],"benchmarks":[]},{"ancestorTitles":[],"fullName":"SDK输入schema拒绝无效版本 1","status":"passed","title":"SDK输入schema拒绝无效版本 1","duration":0.8817919999999901,"failureMessages":[],"meta":{},"tags":[],"benchmarks":[]},{"ancestorTitles":[],"fullName":"SDK输入schema拒绝无效版本 null","status":"passed","title":"SDK输入schema拒绝无效版本 null","duration":0.8686670000000163,"failureMessages":[],"meta":{},"tags":[],"benchmarks":[]},{"ancestorTitles":[],"fullName":"旧归档仍可解析，但不接受标成字节的字符游标","status":"passed","title":"旧归档仍可解析，但不接受标成字节的字符游标","duration":0.4640410000000088,"failureMessages":[],"meta":{},"tags":[],"benchmarks":[]}],"startTime":1788802168760,"endTime":1788802168791.464,"status":"passed","message":"","name":"/Users/Zhuanz1/.codex/worktrees/browser-executor-baseline-20260908/浏览器网页批注插件/tests/agent-file-read-version.test.ts"},{"assertionResults":[{"ancestorTitles":[],"fullName":"各类文件路由到对应预览器，压缩包、旧版 Office 与未知格式进入下载引导","status":"passed","title":"各类文件路由到对应预览器，压缩包、旧版 Office 与未知格式进入下载引导","duration":96.05041600000004,"failureMessages":[],"meta":{},"tags":[],"benchmarks":[]},{"ancestorTitles":[],"fullName":"图片使用真实 Blob，播放控件默认不自动播放，切换文件时释放资源","status":"passed","title":"图片使用真实 Blob，播放控件默认不自动播放，切换文件时释放资源","duration":6.1273330000000215,"failureMessages":[],"meta":{},"tags":[],"benchmarks":[]},{"ancestorTitles":[],"fullName":"损坏媒体显示可操作的下载提示，不暴露二进制内容","status":"passed","title":"损坏媒体显示可操作的下载提示，不暴露二进制内容","duration":2.711500000000001,"failureMessages":[],"meta":{},"tags":[],"benchmarks":[]},{"ancestorTitles":[],"fullName":"CSV 保留引号中的逗号、换行、双引号、空单元格及 BOM，拒绝不完整引号","status":"passed","title":"CSV 保留引号中的逗号、换行、双引号、空单元格及 BOM，拒绝不完整引号","duration":1.0294170000000804,"failureMessages":[],"meta":{},"tags":[],"benchmarks":[]},{"ancestorTitles":[],"fullName":"CSV 大表有界加载，搜索后重置页码，单元格内容永远是文本","status":"passed","title":"CSV 大表有界加载，搜索后重置页码，单元格内容永远是文本","duration":100.47429199999999,"failureMessages":[],"meta":{},"tags":[],"benchmarks":[]},{"ancestorTitles":[],"fullName":"HTML 保留排版 CSS，移除脚本、导航和危险嵌入，并置入首位 CSP","status":"passed","title":"HTML 保留排版 CSS，移除脚本、导航和危险嵌入，并置入首位 CSP","duration":24.2119160000002,"failureMessages":[],"meta":{},"tags":[],"benchmarks":[]},{"ancestorTitles":[],"fullName":"Markdown 排版与 JSON 格式化可读；CSV 错误和未知文本安全回退到源码","status":"passed","title":"Markdown 排版与 JSON 格式化可读；CSV 错误和未知文本安全回退到源码","duration":64.96808299999998,"failureMessages":[],"meta":{},"tags":[],"benchmarks":[]},{"ancestorTitles":[],"fullName":"HTML 交付支持 HTTPS 原图与页内翻页；文档导入仍默认禁止外链资源","status":"passed","title":"HTML 交付支持 HTTPS 原图与页内翻页；文档导入仍默认禁止外链资源","duration":20.001708000000008,"failureMessages":[],"meta":{},"tags":[],"benchmarks":[]}],"startTime":1788802147640,"endTime":1788802147956.0017,"status":"passed","message":"","name":"/Users/Zhuanz1/.codex/worktrees/browser-executor-baseline-20260908/浏览器网页批注插件/tests/agent-file-renderers.test.ts"},{"assertionResults":[{"ancestorTitles":[],"fullName":"二进制预览不提供复制Base64或源码，ZIP导出保留真实文件字节","status":"passed","title":"二进制预览不提供复制Base64或源码，ZIP导出保留真实文件字节","duration":91.23924999999997,"failureMessages":[],"meta":{},"tags":[],"benchmarks":[]},{"ancestorTitles":[],"fullName":"导入按钮受执行状态约束，提交当前任务并刷新列表","status":"passed","title":"导入按钮受执行状态约束，提交当前任务并刷新列表","duration":60.35637499999996,"failureMessages":[],"meta":{},"tags":[],"benchmarks":[]},{"ancestorTitles":[],"fullName":"读取文件期间关闭面板不会把迟到结果导入其他对话","status":"passed","title":"读取文件期间关闭面板不会把迟到结果导入其他对话","duration":7.005499999999984,"failureMessages":[],"meta":{},"tags":[],"benchmarks":[]},{"ancestorTitles":[],"fullName":"文件页隔离预览 HTML，源码可读，查看指定版本且恢复需正确当前版本","status":"passed","title":"文件页隔离预览 HTML，源码可读，查看指定版本且恢复需正确当前版本","duration":80.89024999999992,"failureMessages":[],"meta":{},"tags":[],"benchmarks":[]},{"ancestorTitles":[],"fullName":"交付卡片显示在折叠过程外，下载始终请求发布时的固定版本","status":"passed","title":"交付卡片显示在折叠过程外，下载始终请求发布时的固定版本","duration":74.99758299999996,"failureMessages":[],"meta":{},"tags":[],"benchmarks":[]},{"ancestorTitles":[],"fullName":"文件页隐藏原工作区，列表搜索和返回保留，预览操作集中在 header","status":"passed","title":"文件页隐藏原工作区，列表搜索和返回保留，预览操作集中在 header","duration":118.82304099999988,"failureMessages":[],"meta":{},"tags":[],"benchmarks":[]},{"ancestorTitles":[],"fullName":"从旧版交付打开历史时恢复校验使用文件当前版本","status":"passed","title":"从旧版交付打开历史时恢复校验使用文件当前版本","duration":64.13549999999987,"failureMessages":[],"meta":{},"tags":[],"benchmarks":[]},{"ancestorTitles":[],"fullName":"从任务文件选择附件可预览返回，保留勾选并排除内部清单","status":"passed","title":"从任务文件选择附件可预览返回，保留勾选并排除内部清单","duration":109.55183299999999,"failureMessages":[],"meta":{},"tags":[],"benchmarks":[]}],"startTime":1788802108147,"endTime":1788802108754.5518,"status":"passed","message":"","name":"/Users/Zhuanz1/.codex/worktrees/browser-executor-baseline-20260908/浏览器网页批注插件/tests/agent-files-view.test.ts"},{"assertionResults":[{"ancestorTitles":[],"fullName":"交付失败后其他成功工具不能掩盖缺失文件，真正修复发布才完成：repair=false","status":"passed","title":"交付失败后其他成功工具不能掩盖缺失文件，真正修复发布才完成：repair=false","duration":205.794792,"failureMessages":[],"meta":{},"tags":[],"benchmarks":[]},{"ancestorTitles":[],"fullName":"交付失败后其他成功工具不能掩盖缺失文件，真正修复发布才完成：repair=true","status":"passed","title":"交付失败后其他成功工具不能掩盖缺失文件，真正修复发布才完成：repair=true","duration":104.49895799999996,"failureMessages":[],"meta":{},"tags":[],"benchmarks":[]},{"ancestorTitles":[],"fullName":"网页证据完整落盘而非塞入模型摘要；拒绝过期覆盖与取消后的保存","status":"passed","title":"网页证据完整落盘而非塞入模型摘要；拒绝过期覆盖与取消后的保存","duration":10.37250000000006,"failureMessages":[],"meta":{},"tags":[],"benchmarks":[]},{"ancestorTitles":[],"fullName":"对话隔离、不可变版本、过期覆盖拒绝、删除恢复与级联清理","status":"passed","title":"对话隔离、不可变版本、过期覆盖拒绝、删除恢复与级联清理","duration":7.719749999999976,"failureMessages":[],"meta":{},"tags":[],"benchmarks":[]},{"ancestorTitles":[],"fullName":"并发写入只有正确版本提交，后续输出冲突导致整批回滚","status":"passed","title":"并发写入只有正确版本提交，后续输出冲突导致整批回滚","duration":4.71879100000001,"failureMessages":[],"meta":{},"tags":[],"benchmarks":[]},{"ancestorTitles":[],"fullName":"路径、体积、文件/目录冲突检查；重开存储仍保留文件","status":"passed","title":"路径、体积、文件/目录冲突检查；重开存储仍保留文件","duration":6.120459000000096,"failureMessages":[],"meta":{},"tags":[],"benchmarks":[]},{"ancestorTitles":[],"fullName":"文件工具可分段读取、精确修改与按需检索，目录指令不提前披露正文","status":"passed","title":"文件工具可分段读取、精确修改与按需检索，目录指令不提前披露正文","duration":3.3066250000000537,"failureMessages":[],"meta":{},"tags":[],"benchmarks":[]},{"ancestorTitles":[],"fullName":"真实 WASM 计算输入并生成文件，没有 DOM、网络、Node 或 Chrome API","status":"passed","title":"真实 WASM 计算输入并生成文件，没有 DOM、网络、Node 或 Chrome API","duration":11.615541000000007,"failureMessages":[],"meta":{},"tags":[],"benchmarks":[]},{"ancestorTitles":[],"fullName":"WASM 无限循环、内存耗尽、越权文件与异常不会提交部分输出","status":"passed","title":"WASM 无限循环、内存耗尽、越权文件与异常不会提交部分输出","duration":100.81533300000001,"failureMessages":[],"meta":{},"tags":[],"benchmarks":[]},{"ancestorTitles":[],"fullName":"WASM 日志限制与显式输出授权；新运行不继承上次的全局变量","status":"passed","title":"WASM 日志限制与显式输出授权；新运行不继承上次的全局变量","duration":1.9890830000000506,"failureMessages":[],"meta":{},"tags":[],"benchmarks":[]},{"ancestorTitles":[],"fullName":"runJavaScript 工具保存真实输出、发布固定版本，执行错误后文件保持原样","status":"passed","title":"runJavaScript 工具保存真实输出、发布固定版本，执行错误后文件保持原样","duration":17.048209000000043,"failureMessages":[],"meta":{},"tags":[],"benchmarks":[]},{"ancestorTitles":[],"fullName":"Node 风格代码失败时给出可执行的修复契约，修改后正常提交输出","status":"passed","title":"Node 风格代码失败时给出可执行的修复契约，修改后正常提交输出","duration":10.23808299999996,"failureMessages":[],"meta":{},"tags":[],"benchmarks":[]},{"ancestorTitles":[],"fullName":"SDK loop 创建计划、运行代码并发布成果，重启后可继续读取任务文件","status":"passed","title":"SDK loop 创建计划、运行代码并发布成果，重启后可继续读取任务文件","duration":116.19783400000006,"failureMessages":[],"meta":{},"tags":[],"benchmarks":[]},{"ancestorTitles":[],"fullName":"版本归档额度有限，提交前取消整批回滚","status":"passed","title":"版本归档额度有限，提交前取消整批回滚","duration":43.34091699999999,"failureMessages":[],"meta":{},"tags":[],"benchmarks":[]},{"ancestorTitles":[],"fullName":"沙盒执行后输出版本冲突不覆盖用户新内容，取消不提交输出","status":"passed","title":"沙盒执行后输出版本冲突不覆盖用户新内容，取消不提交输出","duration":5.402124999999955,"failureMessages":[],"meta":{},"tags":[],"benchmarks":[]},{"ancestorTitles":[],"fullName":"列表完整关联证据先落盘，模型只接收两个小预览，版本冲突不覆盖","status":"passed","title":"列表完整关联证据先落盘，模型只接收两个小预览，版本冲突不覆盖","duration":5.274041000000011,"failureMessages":[],"meta":{},"tags":[],"benchmarks":[]},{"ancestorTitles":[],"fullName":"表格数据直接落盘，预览有界，冲突和取消不覆盖文件","status":"passed","title":"表格数据直接落盘，预览有界，冲突和取消不覆盖文件","duration":4.063083000000006,"failureMessages":[],"meta":{},"tags":[],"benchmarks":[]},{"ancestorTitles":[],"fullName":"脚本尚未创建或已删除时不开放执行能力，文件目录与能力来自同一份状态","status":"passed","title":"脚本尚未创建或已删除时不开放执行能力，文件目录与能力来自同一份状态","duration":1.7679170000000113,"failureMessages":[],"meta":{},"tags":[],"benchmarks":[]},{"ancestorTitles":[],"fullName":"代码结果仅回传有限预览，小文件可直接核验，大文件明确截断而不复制全量","status":"passed","title":"代码结果仅回传有限预览，小文件可直接核验，大文件明确截断而不复制全量","duration":3.3342910000000074,"failureMessages":[],"meta":{},"tags":[],"benchmarks":[]}],"startTime":1788802082288,"endTime":1788802082952.3342,"status":"passed","message":"","name":"/Users/Zhuanz1/.codex/worktrees/browser-executor-baseline-20260908/浏览器网页批注插件/tests/agent-files.test.ts"},{"assertionResults":[{"ancestorTitles":[],"fullName":"运行中排队不影响旧流；编辑、删除和排序后整批只开启一个后续模型回复","status":"passed","title":"运行中排队不影响旧流；编辑、删除和排序后整批只开启一个后续模型回复","duration":151.02304200000003,"failureMessages":[],"meta":{},"tags":[],"benchmarks":[]},{"ancestorTitles":[],"fullName":"引导立即打断文本流，仅发送所选消息；其他消息等引导轮结束再发送","status":"passed","title":"引导立即打断文本流，仅发送所选消息；其他消息等引导轮结束再发送","duration":66.07054100000005,"failureMessages":[],"meta":{},"tags":[],"benchmarks":[]},{"ancestorTitles":[],"fullName":"暂停不会发送队列，重复 enqueue 不产生重复消息，存储重开保留队列","status":"passed","title":"暂停不会发送队列，重复 enqueue 不产生重复消息，存储重开保留队列","duration":55.761957999999936,"failureMessages":[],"meta":{},"tags":[],"benchmarks":[]},{"ancestorTitles":[],"fullName":"已发出的网页写操作收取一次结果后再转向，新的模型调用不与它重叠","status":"passed","title":"已发出的网页写操作收取一次结果后再转向，新的模型调用不与它重叠","duration":76.34320900000012,"failureMessages":[],"meta":{},"tags":[],"benchmarks":[]},{"ancestorTitles":[],"fullName":"等待确认时引导取消旧操作，不需要用户批准旧任务即可继续","status":"passed","title":"等待确认时引导取消旧操作，不需要用户批准旧任务即可继续","duration":68.02666599999998,"failureMessages":[],"meta":{},"tags":[],"benchmarks":[]},{"ancestorTitles":[],"fullName":"后台恢复 interrupted 保留队列，两个并发侧栏入队不互相覆盖，错误排序不破坏顺序","status":"passed","title":"后台恢复 interrupted 保留队列，两个并发侧栏入队不互相覆盖，错误排序不破坏顺序","duration":100.0341249999999,"failureMessages":[],"meta":{},"tags":[],"benchmarks":[]},{"ancestorTitles":[],"fullName":"已消费 ID 去重，过期编辑拒绝，旧对话没有队列字段也兼容","status":"passed","title":"已消费 ID 去重，过期编辑拒绝，旧对话没有队列字段也兼容","duration":0.33100000000013097,"failureMessages":[],"meta":{},"tags":[],"benchmarks":[]},{"ancestorTitles":[],"fullName":"模型失败保留队列，不把异常当成正常结束自动继续","status":"passed","title":"模型失败保留队列，不把异常当成正常结束自动继续","duration":5.288416999999981,"failureMessages":[],"meta":{},"tags":[],"benchmarks":[]},{"ancestorTitles":[],"fullName":"后台在上一轮结束边界收到入队，自动使用原上下文续跑且同一 ID 不重复发送","status":"failed","title":"后台在上一轮结束边界收到入队，自动使用原上下文续跑且同一 ID 不重复发送","duration":1007.2362500000002,"failureMessages":["AssertionError: expected [] to have a length of 1 but got +0\n    at Proxy.<anonymous> (file:///Users/Zhuanz1/.codex/worktrees/browser-executor-baseline-20260908/%E6%B5%8F%E8%A7%88%E5%99%A8%E7%BD%91%E9%A1%B5%E6%89%B9%E6%B3%A8%E6%8F%92%E4%BB%B6/node_modules/vitest/dist/chunks/index.OVGXnVRj.js:2137:20)\n    at Proxy.<anonymous> (file:///Users/Zhuanz1/.codex/worktrees/browser-executor-baseline-20260908/%E6%B5%8F%E8%A7%88%E5%99%A8%E7%BD%91%E9%A1%B5%E6%89%B9%E6%B3%A8%E6%8F%92%E4%BB%B6/node_modules/vitest/dist/chunks/index.OVGXnVRj.js:1934:14)\n    at Proxy.methodWrapper (file:///Users/Zhuanz1/.codex/worktrees/browser-executor-baseline-20260908/%E6%B5%8F%E8%A7%88%E5%99%A8%E7%BD%91%E9%A1%B5%E6%89%B9%E6%B3%A8%E6%8F%92%E4%BB%B6/node_modules/chai/index.js:1700:25)\n    at /Users/Zhuanz1/.codex/worktrees/browser-executor-baseline-20260908/浏览器网页批注插件/tests/agent-inbox.test.ts:152:54\n    at Timeout.checkCallback (file:///Users/Zhuanz1/.codex/worktrees/browser-executor-baseline-20260908/%E6%B5%8F%E8%A7%88%E5%99%A8%E7%BD%91%E9%A1%B5%E6%89%B9%E6%B3%A8%E6%8F%92%E4%BB%B6/node_modules/vitest/dist/chunks/index.OVGXnVRj.js:7145:20)\n    at listOnTimeout (node:internal/timers:608:17)\n    at processTimers (node:internal/timers:543:7)"],"meta":{},"tags":[],"benchmarks":[]},{"ancestorTitles":[],"fullName":"正式 SkillRuntime 与 queued 流程共享版本状态，执行前不提前激活","status":"passed","title":"正式 SkillRuntime 与 queued 流程共享版本状态，执行前不提前激活","duration":57.137666999999965,"failureMessages":[],"meta":{},"tags":[],"benchmarks":[]},{"ancestorTitles":[],"fullName":"正式 SkillRuntime 与 steer 流程共享版本状态，执行前不提前激活","status":"passed","title":"正式 SkillRuntime 与 steer 流程共享版本状态，执行前不提前激活","duration":57.086291000000074,"failureMessages":[],"meta":{},"tags":[],"benchmarks":[]},{"ancestorTitles":[],"fullName":"正式 SkillRuntime 与 pause 流程共享版本状态，执行前不提前激活","status":"passed","title":"正式 SkillRuntime 与 pause 流程共享版本状态，执行前不提前激活","duration":51.77079099999992,"failureMessages":[],"meta":{},"tags":[],"benchmarks":[]},{"ancestorTitles":[],"fullName":"用户在显式技能读取期间引导，读取收尾后按新方向执行，不误报失败或重叠调用","status":"passed","title":"用户在显式技能读取期间引导，读取收尾后按新方向执行，不误报失败或重叠调用","duration":55.32383300000038,"failureMessages":[],"meta":{},"tags":[],"benchmarks":[]},{"ancestorTitles":[],"fullName":"跨页消息按目标分批，旧 runner 不吞入新网页，保持 A→B→A 的顺序","status":"passed","title":"跨页消息按目标分批，旧 runner 不吞入新网页，保持 A→B→A 的顺序","duration":0.3245839999999589,"failureMessages":[],"meta":{},"tags":[],"benchmarks":[]},{"ancestorTitles":[],"fullName":"跨页不能调整方向；当前目标的引导可在安全边界消费","status":"passed","title":"跨页不能调整方向；当前目标的引导可在安全边界消费","duration":0.3858749999999418,"failureMessages":[],"meta":{},"tags":[],"benchmarks":[]},{"ancestorTitles":[],"fullName":"后台完成后自动派发带显式上下文的队列，纯聊天选择也不会丢失","status":"failed","title":"后台完成后自动派发带显式上下文的队列，纯聊天选择也不会丢失","duration":1004.170959,"failureMessages":["AssertionError: expected [] to have a length of 1 but got +0\n    at Proxy.<anonymous> (file:///Users/Zhuanz1/.codex/worktrees/browser-executor-baseline-20260908/%E6%B5%8F%E8%A7%88%E5%99%A8%E7%BD%91%E9%A1%B5%E6%89%B9%E6%B3%A8%E6%8F%92%E4%BB%B6/node_modules/vitest/dist/chunks/index.OVGXnVRj.js:2137:20)\n    at Proxy.<anonymous> (file:///Users/Zhuanz1/.codex/worktrees/browser-executor-baseline-20260908/%E6%B5%8F%E8%A7%88%E5%99%A8%E7%BD%91%E9%A1%B5%E6%89%B9%E6%B3%A8%E6%8F%92%E4%BB%B6/node_modules/vitest/dist/chunks/index.OVGXnVRj.js:1934:14)\n    at Proxy.methodWrapper (file:///Users/Zhuanz1/.codex/worktrees/browser-executor-baseline-20260908/%E6%B5%8F%E8%A7%88%E5%99%A8%E7%BD%91%E9%A1%B5%E6%89%B9%E6%B3%A8%E6%8F%92%E4%BB%B6/node_modules/chai/index.js:1700:25)\n    at /Users/Zhuanz1/.codex/worktrees/browser-executor-baseline-20260908/浏览器网页批注插件/tests/agent-inbox.test.ts:237:54\n    at Timeout.checkCallback (file:///Users/Zhuanz1/.codex/worktrees/browser-executor-baseline-20260908/%E6%B5%8F%E8%A7%88%E5%99%A8%E7%BD%91%E9%A1%B5%E6%89%B9%E6%B3%A8%E6%8F%92%E4%BB%B6/node_modules/vitest/dist/chunks/index.OVGXnVRj.js:7145:20)\n    at listOnTimeout (node:internal/timers:608:17)\n    at processTimers (node:internal/timers:543:7)"],"meta":{},"tags":[],"benchmarks":[]},{"ancestorTitles":[],"fullName":"后台跨页排队重新创建对应驱动，A→B→A 不操作上一页","status":"failed","title":"后台跨页排队重新创建对应驱动，A→B→A 不操作上一页","duration":1004.1779169999995,"failureMessages":["AssertionError: expected [] to have a length of 1 but got +0\n    at Proxy.<anonymous> (file:///Users/Zhuanz1/.codex/worktrees/browser-executor-baseline-20260908/%E6%B5%8F%E8%A7%88%E5%99%A8%E7%BD%91%E9%A1%B5%E6%89%B9%E6%B3%A8%E6%8F%92%E4%BB%B6/node_modules/vitest/dist/chunks/index.OVGXnVRj.js:2137:20)\n    at Proxy.<anonymous> (file:///Users/Zhuanz1/.codex/worktrees/browser-executor-baseline-20260908/%E6%B5%8F%E8%A7%88%E5%99%A8%E7%BD%91%E9%A1%B5%E6%89%B9%E6%B3%A8%E6%8F%92%E4%BB%B6/node_modules/vitest/dist/chunks/index.OVGXnVRj.js:1934:14)\n    at Proxy.methodWrapper (file:///Users/Zhuanz1/.codex/worktrees/browser-executor-baseline-20260908/%E6%B5%8F%E8%A7%88%E5%99%A8%E7%BD%91%E9%A1%B5%E6%89%B9%E6%B3%A8%E6%8F%92%E4%BB%B6/node_modules/chai/index.js:1700:25)\n    at /Users/Zhuanz1/.codex/worktrees/browser-executor-baseline-20260908/浏览器网页批注插件/tests/agent-inbox.test.ts:265:54\n    at Timeout.checkCallback (file:///Users/Zhuanz1/.codex/worktrees/browser-executor-baseline-20260908/%E6%B5%8F%E8%A7%88%E5%99%A8%E7%BD%91%E9%A1%B5%E6%89%B9%E6%B3%A8%E6%8F%92%E4%BB%B6/node_modules/vitest/dist/chunks/index.OVGXnVRj.js:7145:20)\n    at listOnTimeout (node:internal/timers:608:17)\n    at processTimers (node:internal/timers:543:7)"],"meta":{},"tags":[],"benchmarks":[]},{"ancestorTitles":[],"fullName":"排队网页在执行前关闭，保留消息并提示错误，不回退到旧网页","status":"failed","title":"排队网页在执行前关闭，保留消息并提示错误，不回退到旧网页","duration":1004.2207499999995,"failureMessages":["AssertionError: expected [] to have a length of 1 but got +0\n    at Proxy.<anonymous> (file:///Users/Zhuanz1/.codex/worktrees/browser-executor-baseline-20260908/%E6%B5%8F%E8%A7%88%E5%99%A8%E7%BD%91%E9%A1%B5%E6%89%B9%E6%B3%A8%E6%8F%92%E4%BB%B6/node_modules/vitest/dist/chunks/index.OVGXnVRj.js:2137:20)\n    at Proxy.<anonymous> (file:///Users/Zhuanz1/.codex/worktrees/browser-executor-baseline-20260908/%E6%B5%8F%E8%A7%88%E5%99%A8%E7%BD%91%E9%A1%B5%E6%89%B9%E6%B3%A8%E6%8F%92%E4%BB%B6/node_modules/vitest/dist/chunks/index.OVGXnVRj.js:1934:14)\n    at Proxy.methodWrapper (file:///Users/Zhuanz1/.codex/worktrees/browser-executor-baseline-20260908/%E6%B5%8F%E8%A7%88%E5%99%A8%E7%BD%91%E9%A1%B5%E6%89%B9%E6%B3%A8%E6%8F%92%E4%BB%B6/node_modules/chai/index.js:1700:25)\n    at /Users/Zhuanz1/.codex/worktrees/browser-executor-baseline-20260908/浏览器网页批注插件/tests/agent-inbox.test.ts:282:54\n    at Timeout.checkCallback (file:///Users/Zhuanz1/.codex/worktrees/browser-executor-baseline-20260908/%E6%B5%8F%E8%A7%88%E5%99%A8%E7%BD%91%E9%A1%B5%E6%89%B9%E6%B3%A8%E6%8F%92%E4%BB%B6/node_modules/vitest/dist/chunks/index.OVGXnVRj.js:7145:20)\n    at listOnTimeout (node:internal/timers:608:17)\n    at processTimers (node:internal/timers:543:7)"],"meta":{},"tags":[],"benchmarks":[]},{"ancestorTitles":[],"fullName":"网页标题通过排队协议及存储恢复后，消费进消息仍保持发送快照","status":"passed","title":"网页标题通过排队协议及存储恢复后，消费进消息仍保持发送快照","duration":2.297458000000006,"failureMessages":[],"meta":{},"tags":[],"benchmarks":[]}],"startTime":1788802077263,"endTime":1788802082030.2974,"status":"failed","message":"","name":"/Users/Zhuanz1/.codex/worktrees/browser-executor-baseline-20260908/浏览器网页批注插件/tests/agent-inbox.test.ts"},{"assertionResults":[{"ancestorTitles":[],"fullName":"对象根 schema；未回答不阻塞 SDK 工具循环，存储重开保留 pending","status":"passed","title":"对象根 schema；未回答不阻塞 SDK 工具循环，存储重开保留 pending","duration":56.786167000000034,"failureMessages":[],"meta":{},"tags":[],"benchmarks":[]},{"ancestorTitles":[],"fullName":"回答立即引导正在流式生成的任务，工具结果保留 pending 事实，答案只投递一次","status":"passed","title":"回答立即引导正在流式生成的任务，工具结果保留 pending 事实，答案只投递一次","duration":59.369790999999964,"failureMessages":[],"meta":{},"tags":[],"benchmarks":[]},{"ancestorTitles":[],"fullName":"跳过不等于同意、跨对话拒绝、冲突回答拒绝、容量失败不消耗问题","status":"passed","title":"跳过不等于同意、跨对话拒绝、冲突回答拒绝、容量失败不消耗问题","duration":1.5825829999999996,"failureMessages":[],"meta":{},"tags":[],"benchmarks":[]},{"ancestorTitles":[],"fullName":"相同未答问题复用，最多同时三个，已答历史不占 pending 名额","status":"passed","title":"相同未答问题复用，最多同时三个，已答历史不占 pending 名额","duration":0.2243750000000091,"failureMessages":[],"meta":{},"tags":[],"benchmarks":[]},{"ancestorTitles":[],"fullName":"后台在 paused 状态保存回答，不自动重启；并发重复回答幂等","status":"passed","title":"后台在 paused 状态保存回答，不自动重启；并发重复回答幂等","duration":3.9718330000000037,"failureMessages":[],"meta":{},"tags":[],"benchmarks":[]},{"ancestorTitles":[],"fullName":"后台在 cancelled 状态保存回答，不自动重启；并发重复回答幂等","status":"passed","title":"后台在 cancelled 状态保存回答，不自动重启；并发重复回答幂等","duration":1.3617920000000368,"failureMessages":[],"meta":{},"tags":[],"benchmarks":[]},{"ancestorTitles":[],"fullName":"后台在 failed 状态保存回答，不自动重启；并发重复回答幂等","status":"passed","title":"后台在 failed 状态保存回答，不自动重启；并发重复回答幂等","duration":0.9911670000000186,"failureMessages":[],"meta":{},"tags":[],"benchmarks":[]},{"ancestorTitles":[],"fullName":"完成后回答自动续跑原任务；重复提交不重复启动","status":"failed","title":"完成后回答自动续跑原任务；重复提交不重复启动","duration":1094.706917,"failureMessages":["AssertionError: expected 'failed' to be 'completed' // Object.is equality\n    at /Users/Zhuanz1/.codex/worktrees/browser-executor-baseline-20260908/浏览器网页批注插件/tests/agent-questions.test.ts:85:133"],"meta":{},"tags":[],"benchmarks":[]},{"ancestorTitles":[],"fullName":"完成后续跑缺少模型配置，回答仍保存且可以稍后继续","status":"passed","title":"完成后续跑缺少模型配置，回答仍保存且可以稍后继续","duration":2.0084170000000086,"failureMessages":[],"meta":{},"tags":[],"benchmarks":[]},{"ancestorTitles":[],"fullName":"批量回答先验证全部问题，失败不留下部分答案或队列消息","status":"passed","title":"批量回答先验证全部问题，失败不留下部分答案或队列消息","duration":0.3919579999999314,"failureMessages":[],"meta":{},"tags":[],"benchmarks":[]}],"startTime":1788802118757,"endTime":1788802119978.3918,"status":"failed","message":"","name":"/Users/Zhuanz1/.codex/worktrees/browser-executor-baseline-20260908/浏览器网页批注插件/tests/agent-questions.test.ts"},{"assertionResults":[{"ancestorTitles":[],"fullName":"v1 逐条迁移保留完整记录，历史摘要不携带消息/模型上下文/问答队列","status":"passed","title":"v1 逐条迁移保留完整记录，历史摘要不携带消息/模型上下文/问答队列","duration":12.579084000000023,"failureMessages":[],"meta":{},"tags":[],"benchmarks":[]},{"ancestorTitles":[],"fullName":"多条摘要按更新时间排序，加载历史不改写未打开的中断记录","status":"passed","title":"多条摘要按更新时间排序，加载历史不改写未打开的中断记录","duration":3.7311670000000277,"failureMessages":[],"meta":{},"tags":[],"benchmarks":[]}],"startTime":1788802197891,"endTime":1788802197907.7312,"status":"passed","message":"","name":"/Users/Zhuanz1/.codex/worktrees/browser-executor-baseline-20260908/浏览器网页批注插件/tests/agent-storage-performance.test.ts"},{"assertionResults":[{"ancestorTitles":[],"fullName":"同一后台给新旧侧栏协商不同格式，追加和重订阅都还原同一会话","status":"passed","title":"同一后台给新旧侧栏协商不同格式，追加和重订阅都还原同一会话","duration":126.56808299999994,"failureMessages":[],"meta":{},"tags":[],"benchmarks":[]},{"ancestorTitles":[],"fullName":"先发布实时快照后不再编码迟到的旧读取，textAppend=false","status":"passed","title":"先发布实时快照后不再编码迟到的旧读取，textAppend=false","duration":2.3098750000000337,"failureMessages":[],"meta":{},"tags":[],"benchmarks":[]},{"ancestorTitles":[],"fullName":"先发布实时快照后不再编码迟到的旧读取，textAppend=true","status":"passed","title":"先发布实时快照后不再编码迟到的旧读取，textAppend=true","duration":1.7926670000000513,"failureMessages":[],"meta":{},"tags":[],"benchmarks":[]}],"startTime":1788802164742,"endTime":1788802164872.7927,"status":"passed","message":"","name":"/Users/Zhuanz1/.codex/worktrees/browser-executor-baseline-20260908/浏览器网页批注插件/tests/agent-stream-subscription.test.ts"},{"assertionResults":[{"ancestorTitles":[],"fullName":"J01 合成业务报表分批结果与 Python csv 独立解析答案逐条一致","status":"passed","title":"J01 合成业务报表分批结果与 Python csv 独立解析答案逐条一致","duration":32.243583,"failureMessages":[],"meta":{},"tags":[],"benchmarks":[]},{"ancestorTitles":[],"fullName":"跨行单元格与 CR/LF 位置精确；空值、零、公式样文本和空行保留","status":"passed","title":"跨行单元格与 CR/LF 位置精确；空值、零、公式样文本和空行保留","duration":0.285000000000025,"failureMessages":[],"meta":{},"tags":[],"benchmarks":[]},{"ancestorTitles":[],"fullName":"完整扫描超过一万行，批次结束不能冒充全文结束；旧版本续读不受新内容影响","status":"passed","title":"完整扫描超过一万行，批次结束不能冒充全文结束；旧版本续读不受新内容影响","duration":27.039375000000007,"failureMessages":[],"meta":{},"tags":[],"benchmarks":[]},{"ancestorTitles":[],"fullName":"前言、重复表头、总计、空行、列宽异常均保留并计数，不能悄悄合并","status":"passed","title":"前言、重复表头、总计、空行、列宽异常均保留并计数，不能悄悄合并","duration":9.16666600000002,"failureMessages":[],"meta":{},"tags":[],"benchmarks":[]},{"ancestorTitles":[],"fullName":"即使首批已满，损坏的尾部仍报错且不保存部分结果","status":"passed","title":"即使首批已满，损坏的尾部仍报错且不保存部分结果","duration":3.679666999999995,"failureMessages":[],"meta":{},"tags":[],"benchmarks":[]},{"ancestorTitles":[],"fullName":"内容大小触发分批后继续位置精确，超大单行明确报错；输出冲突和取消不保存","status":"passed","title":"内容大小触发分批后继续位置精确，超大单行明确报错；输出冲突和取消不保存","duration":45.95545800000002,"failureMessages":[],"meta":{},"tags":[],"benchmarks":[]},{"ancestorTitles":[],"fullName":"正式文件工具支持 TSV，禁止覆盖输入、错误表头及越过任务范围","status":"passed","title":"正式文件工具支持 TSV，禁止覆盖输入、错误表头及越过任务范围","duration":5.567833000000007,"failureMessages":[],"meta":{},"tags":[],"benchmarks":[]}],"startTime":1788802155898,"endTime":1788802156022.5679,"status":"passed","message":"","name":"/Users/Zhuanz1/.codex/worktrees/browser-executor-baseline-20260908/浏览器网页批注插件/tests/agent-table-file.test.ts"},{"assertionResults":[{"ancestorTitles":[],"fullName":"deepseek 的实际 HTTP 工具定义具有 object 根节点，支持普通对话","status":"passed","title":"deepseek 的实际 HTTP 工具定义具有 object 根节点，支持普通对话","duration":46.07920899999999,"failureMessages":[],"meta":{},"tags":[],"benchmarks":[]},{"ancestorTitles":[],"fullName":"deepseek 的实际 HTTP 工具定义具有 object 根节点，支持三种卡片","status":"passed","title":"deepseek 的实际 HTTP 工具定义具有 object 根节点，支持三种卡片","duration":34.73700000000002,"failureMessages":[],"meta":{},"tags":[],"benchmarks":[]},{"ancestorTitles":[],"fullName":"kimi 的实际 HTTP 工具定义具有 object 根节点，支持普通对话","status":"passed","title":"kimi 的实际 HTTP 工具定义具有 object 根节点，支持普通对话","duration":7.460332999999991,"failureMessages":[],"meta":{},"tags":[],"benchmarks":[]},{"ancestorTitles":[],"fullName":"kimi 的实际 HTTP 工具定义具有 object 根节点，支持三种卡片","status":"passed","title":"kimi 的实际 HTTP 工具定义具有 object 根节点，支持三种卡片","duration":24.389917000000025,"failureMessages":[],"meta":{},"tags":[],"benchmarks":[]},{"ancestorTitles":[],"fullName":"custom 的实际 HTTP 工具定义具有 object 根节点，支持普通对话","status":"passed","title":"custom 的实际 HTTP 工具定义具有 object 根节点，支持普通对话","duration":4.835292000000038,"failureMessages":[],"meta":{},"tags":[],"benchmarks":[]},{"ancestorTitles":[],"fullName":"custom 的实际 HTTP 工具定义具有 object 根节点，支持三种卡片","status":"passed","title":"custom 的实际 HTTP 工具定义具有 object 根节点，支持三种卡片","duration":22.040583000000026,"failureMessages":[],"meta":{},"tags":[],"benchmarks":[]},{"ancestorTitles":[],"fullName":"真正通过 SDK 执行工具循环、生成卡片、流式文字并保存可恢复消息","status":"passed","title":"真正通过 SDK 执行工具循环、生成卡片、流式文字并保存可恢复消息","duration":8.209875000000011,"failureMessages":[],"meta":{},"tags":[],"benchmarks":[]},{"ancestorTitles":[],"fullName":"根据 SDK 步骤区分过程文字和最终结果，结果标记随消息持久化","status":"passed","title":"根据 SDK 步骤区分过程文字和最终结果，结果标记随消息持久化","duration":7.065833000000055,"failureMessages":[],"meta":{},"tags":[],"benchmarks":[]},{"ancestorTitles":[],"fullName":"写操作确认前不执行，拒绝后不执行","status":"passed","title":"写操作确认前不执行，拒绝后不执行","duration":52.55612499999995,"failureMessages":[],"meta":{},"tags":[],"benchmarks":[]},{"ancestorTitles":[],"fullName":"确认后只执行一次；只读模式拒绝写入","status":"passed","title":"确认后只执行一次；只读模式拒绝写入","duration":52.053,"failureMessages":[],"meta":{},"tags":[],"benchmarks":[]},{"ancestorTitles":[],"fullName":"暂停正在等待确认的操作立即退出，不产生网页动作","status":"passed","title":"暂停正在等待确认的操作立即退出，不产生网页动作","duration":50.064707999999996,"failureMessages":[],"meta":{},"tags":[],"benchmarks":[]},{"ancestorTitles":[],"fullName":"原生连接取消直接进入 harness 暂停，不等待下一条模型工具指令","status":"passed","title":"原生连接取消直接进入 harness 暂停，不等待下一条模型工具指令","duration":51.49791700000003,"failureMessages":[],"meta":{},"tags":[],"benchmarks":[]},{"ancestorTitles":[],"fullName":"暂停未结束的模型流，将任务保存为 paused，保留已经流出的文字","status":"passed","title":"暂停未结束的模型流，将任务保存为 paused，保留已经流出的文字","duration":51.62212499999998,"failureMessages":[],"meta":{},"tags":[],"benchmarks":[]},{"ancestorTitles":[],"fullName":"API Key 只留在指定存储中，更换供应商不沿用旧密钥，公开配置不返回密钥","status":"passed","title":"API Key 只留在指定存储中，更换供应商不沿用旧密钥，公开配置不返回密钥","duration":2.462707999999907,"failureMessages":[],"meta":{},"tags":[],"benchmarks":[]},{"ancestorTitles":[],"fullName":"持久化 SDK 历史与中断状态，重新打开存储后内容保持","status":"passed","title":"持久化 SDK 历史与中断状态，重新打开存储后内容保持","duration":2.3074159999999893,"failureMessages":[],"meta":{},"tags":[],"benchmarks":[]},{"ancestorTitles":[],"fullName":"API 地址拒绝非本地明文连接和 URL 内嵌密钥","status":"passed","title":"API 地址拒绝非本地明文连接和 URL 内嵌密钥","duration":0.4181670000000395,"failureMessages":[],"meta":{},"tags":[],"benchmarks":[]},{"ancestorTitles":[],"fullName":"Kimi 兼容接口使用配置的地址、模型和 Bearer Key，解析流式响应","status":"passed","title":"Kimi 兼容接口使用配置的地址、模型和 Bearer Key，解析流式响应","duration":4.236667000000011,"failureMessages":[],"meta":{},"tags":[],"benchmarks":[]},{"ancestorTitles":[],"fullName":"旧 maxSteps 配置不再限制任务，超过 50 步和累计用量后仍能生成最终回复","status":"passed","title":"旧 maxSteps 配置不再限制任务，超过 50 步和累计用量后仍能生成最终回复","duration":376.20408299999997,"failureMessages":[],"meta":{},"tags":[],"benchmarks":[]},{"ancestorTitles":[],"fullName":"等待模型时不会因任务总时长超过 15 分钟被中止，用户仍可停止","status":"passed","title":"等待模型时不会因任务总时长超过 15 分钟被中止，用户仍可停止","duration":9.455999999999904,"failureMessages":[],"meta":{},"tags":[],"benchmarks":[]},{"ancestorTitles":[],"fullName":"个性化配置进入真实 SDK 模型请求，关闭后不再加入且保留核心规则","status":"passed","title":"个性化配置进入真实 SDK 模型请求，关闭后不再加入且保留核心规则","duration":6.942459000000099,"failureMessages":[],"meta":{},"tags":[],"benchmarks":[]},{"ancestorTitles":[],"fullName":"SDK reasoning 与正文分别持久化，思考不计入最终结果或后续模型上下文","status":"passed","title":"SDK reasoning 与正文分别持久化，思考不计入最终结果或后续模型上下文","duration":7.6153750000000855,"failureMessages":[],"meta":{},"tags":[],"benchmarks":[]},{"ancestorTitles":[],"fullName":"暂停思考流后保留片段并标记中断，不冒充最终结果","status":"passed","title":"暂停思考流后保留片段并标记中断，不冒充最终结果","duration":51.02345799999989,"failureMessages":[],"meta":{},"tags":[],"benchmarks":[]}],"startTime":1788802070172,"endTime":1788802071046.0234,"status":"passed","message":"","name":"/Users/Zhuanz1/.codex/worktrees/browser-executor-baseline-20260908/浏览器网页批注插件/tests/agent.test.ts"},{"assertionResults":[{"ancestorTitles":[],"fullName":"连续参数错误在 3 次后结束，有 SDK 调用 ID 和错误 UI 记录","status":"passed","title":"连续参数错误在 3 次后结束，有 SDK 调用 ID 和错误 UI 记录","duration":48.956124999999986,"failureMessages":[],"meta":{},"tags":[],"benchmarks":[]},{"ancestorTitles":[],"fullName":"结果包装器消费官方 async generator 的进度和最终结果","status":"passed","title":"结果包装器消费官方 async generator 的进度和最终结果","duration":1.1456249999999955,"failureMessages":[],"meta":{},"tags":[],"benchmarks":[]}],"startTime":1788802174313,"endTime":1788802174363.1455,"status":"passed","message":"","name":"/Users/Zhuanz1/.codex/worktrees/browser-executor-baseline-20260908/浏览器网页批注插件/tests/ai-sdk-capability-audit.test.ts"},{"assertionResults":[{"ancestorTitles":[],"fullName":"交付范围保留选中项及所在页要求，未带上的引用明确指出，不自动扩展范围","status":"passed","title":"交付范围保留选中项及所在页要求，未带上的引用明确指出，不自动扩展范围","duration":112.66833400000007,"failureMessages":[],"meta":{},"tags":[],"benchmarks":[]},{"ancestorTitles":[],"fullName":"复制、JSON 和 ZIP 采用同一代码策略，单条排除优先，附件只包含交付范围","status":"passed","title":"复制、JSON 和 ZIP 采用同一代码策略，单条排除优先，附件只包含交付范围","duration":12.385999999999967,"failureMessages":[],"meta":{},"tags":[],"benchmarks":[]},{"ancestorTitles":[],"fullName":"只含整页要求仍可交付；明确未选择任何批注时不偷偷附带全部","status":"passed","title":"只含整页要求仍可交付；明确未选择任何批注时不偷偷附带全部","duration":5.261375000000044,"failureMessages":[],"meta":{},"tags":[],"benchmarks":[]},{"ancestorTitles":[],"fullName":"加入对话默认精简且无代码，显式选择可附带详情，不改写已保存批注","status":"passed","title":"加入对话默认精简且无代码，显式选择可附带详情，不改写已保存批注","duration":17.171875,"failureMessages":[],"meta":{},"tags":[],"benchmarks":[]},{"ancestorTitles":[],"fullName":"精简输出保留要求、参数、来源和引用缺口，详细说明与 HTML 独立选择，ZIP 同步","status":"passed","title":"精简输出保留要求、参数、来源和引用缺口，详细说明与 HTML 独立选择，ZIP 同步","duration":4.213792000000012,"failureMessages":[],"meta":{},"tags":[],"benchmarks":[]}],"startTime":1788802156902,"endTime":1788802157054.2139,"status":"passed","message":"","name":"/Users/Zhuanz1/.codex/worktrees/browser-executor-baseline-20260908/浏览器网页批注插件/tests/annotation-delivery.test.ts"},{"assertionResults":[{"ancestorTitles":[],"fullName":"退出隐藏标记与选区、释放网页点击，数据同步不会复活标记，重新进入恢复保存的批注","status":"passed","title":"退出隐藏标记与选区、释放网页点击，数据同步不会复活标记，重新进入恢复保存的批注","duration":106.76287500000001,"failureMessages":[],"meta":{},"tags":[],"benchmarks":[]}],"startTime":1788802162667,"endTime":1788802162773.763,"status":"passed","message":"","name":"/Users/Zhuanz1/.codex/worktrees/browser-executor-baseline-20260908/浏览器网页批注插件/tests/annotation-exit.test.ts"},{"assertionResults":[{"ancestorTitles":[],"fullName":"直接点击 element 批注标记可编辑并保存，无需侧栏响应","status":"passed","title":"直接点击 element 批注标记可编辑并保存，无需侧栏响应","duration":141.61749999999995,"failureMessages":[],"meta":{},"tags":[],"benchmarks":[]},{"ancestorTitles":[],"fullName":"直接点击 region 批注标记可编辑并保存，无需侧栏响应","status":"passed","title":"直接点击 region 批注标记可编辑并保存，无需侧栏响应","duration":66.05220899999995,"failureMessages":[],"meta":{},"tags":[],"benchmarks":[]},{"ancestorTitles":[],"fullName":"切换标记不丢弃未保存内容，取消后仍能打开原批注","status":"passed","title":"切换标记不丢弃未保存内容，取消后仍能打开原批注","duration":67.69129199999998,"failureMessages":[],"meta":{},"tags":[],"benchmarks":[]}],"startTime":1788802107216,"endTime":1788802107491.6914,"status":"passed","message":"","name":"/Users/Zhuanz1/.codex/worktrees/browser-executor-baseline-20260908/浏览器网页批注插件/tests/annotation-marker-edit.test.ts"},{"assertionResults":[{"ancestorTitles":[],"fullName":"提交前持久化，绑定预算和可选补全，恢复与重复调用不再次 POST","status":"passed","title":"提交前持久化，绑定预算和可选补全，恢复与重复调用不再次 POST","duration":9.333875000000035,"failureMessages":[],"meta":{},"tags":[],"benchmarks":[]},{"ancestorTitles":[],"fullName":"网络结果未知与持久化失败均不盲目重发","status":"passed","title":"网络结果未知与持久化失败均不盲目重发","duration":1.3353329999999914,"failureMessages":[],"meta":{},"tags":[],"benchmarks":[]},{"ancestorTitles":[],"fullName":"不允许把凭据发送到其他路径，更换账户后不能读取原任务","status":"passed","title":"不允许把凭据发送到其他路径，更换账户后不能读取原任务","duration":1.1554170000000568,"failureMessages":[],"meta":{},"tags":[],"benchmarks":[]},{"ancestorTitles":[],"fullName":"等待状态与数据集必须匹配，运行中不生成终态客户表，失败保留部分结果","status":"passed","title":"等待状态与数据集必须匹配，运行中不生成终态客户表，失败保留部分结果","duration":1.983624999999961,"failureMessages":[],"meta":{},"tags":[],"benchmarks":[]},{"ancestorTitles":[],"fullName":"分页读取导出真实文件、截断有标记，采集来源不含密钥","status":"passed","title":"分页读取导出真实文件、截断有标记，采集来源不含密钥","duration":20.89704100000006,"failureMessages":[],"meta":{},"tags":[],"benchmarks":[]},{"ancestorTitles":[],"fullName":"CSV 保留不同分店、去重相同 Place ID、转义公式与引号，拒绝危险 URL","status":"passed","title":"CSV 保留不同分店、去重相同 Place ID、转义公式与引号，拒绝危险 URL","duration":0.40800000000001546,"failureMessages":[],"meta":{},"tags":[],"benchmarks":[]}],"startTime":1788802184804,"endTime":1788802184839.408,"status":"passed","message":"","name":"/Users/Zhuanz1/.codex/worktrees/browser-executor-baseline-20260908/浏览器网页批注插件/tests/apify-maps.test.ts"},{"assertionResults":[{"ancestorTitles":[],"fullName":"失联页面自动注入顶层脚本，确认握手并送达会话，无需工具栏点击","status":"passed","title":"失联页面自动注入顶层脚本，确认握手并送达会话，无需工具栏点击","duration":149.042708,"failureMessages":[],"meta":{},"tags":[],"benchmarks":[]},{"ancestorTitles":[],"fullName":"脚本已连接时复用，空响应则重新注入，注入后仍失联明确失败","status":"passed","title":"脚本已连接时复用，空响应则重新注入，注入后仍失联明确失败","duration":29.516042000000027,"failureMessages":[],"meta":{},"tags":[],"benchmarks":[]},{"ancestorTitles":[],"fullName":"导航期间会话送达失败不伪装成初始化成功，后续重连可以恢复","status":"passed","title":"导航期间会话送达失败不伪装成初始化成功，后续重连可以恢复","duration":26.843792000000008,"failureMessages":[],"meta":{},"tags":[],"benchmarks":[]},{"ancestorTitles":[],"fullName":"退出清除本窗口已连接页面的标记，重连保持退出，其他窗口不受影响","status":"passed","title":"退出清除本窗口已连接页面的标记，重连保持退出，其他窗口不受影响","duration":23.305166999999983,"failureMessages":[],"meta":{},"tags":[],"benchmarks":[]}],"startTime":1788802144557,"endTime":1788802144786.3052,"status":"passed","message":"","name":"/Users/Zhuanz1/.codex/worktrees/browser-executor-baseline-20260908/浏览器网页批注插件/tests/background-activation.test.ts"},{"assertionResults":[{"ancestorTitles":[],"fullName":"调试接口暂时不可用时仍能启动桌面侧栏与消息处理","status":"passed","title":"调试接口暂时不可用时仍能启动桌面侧栏与消息处理","duration":393.593791,"failureMessages":[],"meta":{},"tags":[],"benchmarks":[]}],"startTime":1788802106135,"endTime":1788802106528.5938,"status":"passed","message":"","name":"/Users/Zhuanz1/.codex/worktrees/browser-executor-baseline-20260908/浏览器网页批注插件/tests/background.test.ts"},{"assertionResults":[{"ancestorTitles":[],"fullName":"真实图片、PDF、Word、Excel 持久化后按原字节下载，文本旧版本保持兼容","status":"passed","title":"真实图片、PDF、Word、Excel 持久化后按原字节下载，文本旧版本保持兼容","duration":51.32816699999998,"failureMessages":[],"meta":{},"tags":[],"benchmarks":[]},{"ancestorTitles":[],"fullName":"二进制版本冲突、删除恢复和任务隔离保持原语义，取消不保存","status":"passed","title":"二进制版本冲突、删除恢复和任务隔离保持原语义，取消不保存","duration":6.224708000000021,"failureMessages":[],"meta":{},"tags":[],"benchmarks":[]},{"ancestorTitles":[],"fullName":"不允许文本冒充 PDF 或编辑二进制文件，路径越界与无效编码均拒绝","status":"passed","title":"不允许文本冒充 PDF 或编辑二进制文件，路径越界与无效编码均拒绝","duration":247.92362500000002,"failureMessages":[],"meta":{},"tags":[],"benchmarks":[]},{"ancestorTitles":[],"fullName":"Agent 可发布已经保存的真实二进制版本，文本读取和搜索不泄漏 Base64","status":"passed","title":"Agent 可发布已经保存的真实二进制版本，文本读取和搜索不泄漏 Base64","duration":3.426166999999964,"failureMessages":[],"meta":{},"tags":[],"benchmarks":[]},{"ancestorTitles":[],"fullName":"拒绝超大二进制，并防止把带CSV后缀的二进制当作数据表解析","status":"passed","title":"拒绝超大二进制，并防止把带CSV后缀的二进制当作数据表解析","duration":4.779334000000063,"failureMessages":[],"meta":{},"tags":[],"benchmarks":[]}],"startTime":1788802123914,"endTime":1788802124227.7793,"status":"passed","message":"","name":"/Users/Zhuanz1/.codex/worktrees/browser-executor-baseline-20260908/浏览器网页批注插件/tests/binary-deliveries.test.ts"},{"assertionResults":[{"ancestorTitles":[],"fullName":"识别图片命名按钮、关联标签、隐式角色、自定义菜单与开关","status":"passed","title":"识别图片命名按钮、关联标签、隐式角色、自定义菜单与开关","duration":111.52916600000003,"failureMessages":[],"meta":{},"tags":[],"benchmarks":[]},{"ancestorTitles":[],"fullName":"条件探测不生成新快照，不使既有 ref 失效；禁用祖先生效","status":"passed","title":"条件探测不生成新快照，不使既有 ref 失效；禁用祖先生效","duration":13.505457999999862,"failureMessages":[],"meta":{},"tags":[],"benchmarks":[]},{"ancestorTitles":[],"fullName":"同名目标不擅自挑第一个；角色可用于明确限定","status":"passed","title":"同名目标不擅自挑第一个；角色可用于明确限定","duration":7.269999999999982,"failureMessages":[],"meta":{},"tags":[],"benchmarks":[]},{"ancestorTitles":[],"fullName":"等待字段值使用真实完整值，隐藏内容和受保护字段不泄漏","status":"passed","title":"等待字段值使用真实完整值，隐藏内容和受保护字段不泄漏","duration":13.860790999999836,"failureMessages":[],"meta":{},"tags":[],"benchmarks":[]},{"ancestorTitles":[],"fullName":"open Shadow DOM 中的同名角色参与唯一性检查","status":"passed","title":"open Shadow DOM 中的同名角色参与唯一性检查","duration":6.849791000000096,"failureMessages":[],"meta":{},"tags":[],"benchmarks":[]},{"ancestorTitles":[],"fullName":"扫描不完整时不能宣称唯一；无目标时也不宣称页面一定不存在","status":"passed","title":"扫描不完整时不能宣称唯一；无目标时也不宣称页面一定不存在","duration":7466.158459,"failureMessages":[],"meta":{},"tags":[],"benchmarks":[]}],"startTime":1788802034740,"endTime":1788802042359.1584,"status":"passed","message":"","name":"/Users/Zhuanz1/.codex/worktrees/browser-executor-baseline-20260908/浏览器网页批注插件/tests/browser-conditions.test.ts"},{"assertionResults":[{"ancestorTitles":[],"fullName":"快照读取当前 checked/mixed；重复设定不会反转或重发点击","status":"passed","title":"快照读取当前 checked/mixed；重复设定不会反转或重发点击","duration":94.13716599999998,"failureMessages":[],"meta":{},"tags":[],"benchmarks":[]},{"ancestorTitles":[],"fullName":"ARIA 开关异步更新后核实，回滚或无效点击不重放","status":"passed","title":"ARIA 开关异步更新后核实，回滚或无效点击不重放","duration":25.775041999999985,"failureMessages":[],"meta":{},"tags":[],"benchmarks":[]},{"ancestorTitles":[],"fullName":"目标替换后返回无法核实，不重新定位同名控件","status":"passed","title":"目标替换后返回无法核实，不重新定位同名控件","duration":7.3468749999999545,"failureMessages":[],"meta":{},"tags":[],"benchmarks":[]},{"ancestorTitles":[],"fullName":"拒绝未知状态和取消单选；已经勾选的禁用控件可直接核实","status":"passed","title":"拒绝未知状态和取消单选；已经勾选的禁用控件可直接核实","duration":9.281833000000006,"failureMessages":[],"meta":{},"tags":[],"benchmarks":[]},{"ancestorTitles":[],"fullName":"操作后禁用不妨碍回读；用户停止中断验证","status":"passed","title":"操作后禁用不妨碍回读；用户停止中断验证","duration":11.223999999999933,"failureMessages":[],"meta":{},"tags":[],"benchmarks":[]},{"ancestorTitles":[],"fullName":"下拉拒绝同名选项、禁用选项组、多选，保留原值","status":"passed","title":"下拉拒绝同名选项、禁用选项组、多选，保留原值","duration":13.645500000000084,"failureMessages":[],"meta":{},"tags":[],"benchmarks":[]},{"ancestorTitles":[],"fullName":"下拉 change 被页面回滚时返回不匹配；同值不再派发事件","status":"passed","title":"下拉 change 被页面回滚时返回不匹配；同值不再派发事件","duration":18.359874999999988,"failureMessages":[],"meta":{},"tags":[],"benchmarks":[]},{"ancestorTitles":[],"fullName":"fill 核对字段实际值，页面改写不能伪装为填写成功","status":"passed","title":"fill 核对字段实际值，页面改写不能伪装为填写成功","duration":9.808457999999973,"failureMessages":[],"meta":{},"tags":[],"benchmarks":[]},{"ancestorTitles":[],"fullName":"控件值匹配不冒充业务状态已接受；这里的单测适配器只模拟 DOM","status":"passed","title":"控件值匹配不冒充业务状态已接受；这里的单测适配器只模拟 DOM","duration":5.5922500000000355,"failureMessages":[],"meta":{},"tags":[],"benchmarks":[]},{"ancestorTitles":[],"fullName":"原生点击回执也不冒充业务效果验证成功","status":"passed","title":"原生点击回执也不冒充业务效果验证成功","duration":3.9876669999999876,"failureMessages":[],"meta":{},"tags":[],"benchmarks":[]},{"ancestorTitles":[],"fullName":"勾选工具纳入浏览器工具组和写操作入口","status":"passed","title":"勾选工具纳入浏览器工具组和写操作入口","duration":4.670790999999895,"failureMessages":[],"meta":{},"tags":[],"benchmarks":[]}],"startTime":1788802126884,"endTime":1788802127087.671,"status":"passed","message":"","name":"/Users/Zhuanz1/.codex/worktrees/browser-executor-baseline-20260908/浏览器网页批注插件/tests/browser-controls.test.ts"},{"assertionResults":[{"ancestorTitles":[],"fullName":"批量填写串行执行，末尾回读全部字段，不把局部回执当业务保存","status":"passed","title":"批量填写串行执行，末尾回读全部字段，不把局部回执当业务保存","duration":3.7258330000000086,"failureMessages":[],"meta":{},"tags":[],"benchmarks":[]},{"ancestorTitles":[],"fullName":"第二字段被遮挡或原节点移除时停止余项，不自动重放第一个字段","status":"passed","title":"第二字段被遮挡或原节点移除时停止余项，不自动重放第一个字段","duration":0.9697500000000048,"failureMessages":[],"meta":{},"tags":[],"benchmarks":[]},{"ancestorTitles":[],"fullName":"应用后续回滚前一个字段时，最终回读会纠正成功回执","status":"passed","title":"应用后续回滚前一个字段时，最终回读会纠正成功回执","duration":0.41175000000001205,"failureMessages":[],"meta":{},"tags":[],"benchmarks":[]},{"ancestorTitles":[],"fullName":"值核验不匹配即停止，不执行剩余字段","status":"passed","title":"值核验不匹配即停止，不执行剩余字段","duration":0.7628749999999798,"failureMessages":[],"meta":{},"tags":[],"benchmarks":[]},{"ancestorTitles":[],"fullName":"批次重复目标、缺失目标在输入前拒绝；用户取消及断开正常传播","status":"passed","title":"批次重复目标、缺失目标在输入前拒绝；用户取消及断开正常传播","duration":1.8676250000000039,"failureMessages":[],"meta":{},"tags":[],"benchmarks":[]}],"startTime":1788802200785,"endTime":1788802200792.8677,"status":"passed","message":"","name":"/Users/Zhuanz1/.codex/worktrees/browser-executor-baseline-20260908/浏览器网页批注插件/tests/browser-form-fill.test.ts"},{"assertionResults":[{"ancestorTitles":[],"fullName":"按需连接，完整手势串行，结束后释放；只开放三种官方输入命令","status":"passed","title":"按需连接，完整手势串行，结束后释放；只开放三种官方输入命令","duration":4.568082999999973,"failureMessages":[],"meta":{},"tags":[],"benchmarks":[]},{"ancestorTitles":[],"fullName":"悬停后遮挡或目标移动时不再按下；不会切回 DOM 点击","status":"passed","title":"悬停后遮挡或目标移动时不再按下；不会切回 DOM 点击","duration":1.3456250000000125,"failureMessages":[],"meta":{},"tags":[],"benchmarks":[]},{"ancestorTitles":[],"fullName":"用户断开后暂停，同一任务不自动重新连接","status":"passed","title":"用户断开后暂停，同一任务不自动重新连接","duration":0.924999999999983,"failureMessages":[],"meta":{},"tags":[],"benchmarks":[]},{"ancestorTitles":[],"fullName":"中途执行失败视为结果未知，不自动重放并释放连接","status":"passed","title":"中途执行失败视为结果未知，不自动重放并释放连接","duration":0.5226659999999868,"failureMessages":[],"meta":{},"tags":[],"benchmarks":[]},{"ancestorTitles":[],"fullName":"按键处理转移焦点时，禁止向错误字段插入文本","status":"passed","title":"按键处理转移焦点时，禁止向错误字段插入文本","duration":0.7343340000000182,"failureMessages":[],"meta":{},"tags":[],"benchmarks":[]},{"ancestorTitles":[],"fullName":"任务范围在点击前撤销，后续命令被阻止","status":"passed","title":"任务范围在点击前撤销，后续命令被阻止","duration":0.41412500000001273,"failureMessages":[],"meta":{},"tags":[],"benchmarks":[]},{"ancestorTitles":[],"fullName":"同一网页不能被两个执行器同时占用，释放后新任务可以连接","status":"passed","title":"同一网页不能被两个执行器同时占用，释放后新任务可以连接","duration":0.4925829999999962,"failureMessages":[],"meta":{},"tags":[],"benchmarks":[]},{"ancestorTitles":[],"fullName":"等待 attach 时用户停止，迟到的成功连接仍会释放且没有输入","status":"passed","title":"等待 attach 时用户停止，迟到的成功连接仍会释放且没有输入","duration":52.40495800000002,"failureMessages":[],"meta":{},"tags":[],"benchmarks":[]},{"ancestorTitles":[],"fullName":"旧安装未启用 debugger 时给出可恢复提示，不触发任何输入","status":"passed","title":"旧安装未启用 debugger 时给出可恢复提示，不触发任何输入","duration":0.43079099999999926,"failureMessages":[],"meta":{},"tags":[],"benchmarks":[]},{"ancestorTitles":[],"fullName":"浏览器命令超时后暂停并释放，不因为超时重发手势","status":"passed","title":"浏览器命令超时后暂停并释放，不因为超时重发手势","duration":2.252541000000008,"failureMessages":[],"meta":{},"tags":[],"benchmarks":[]}],"startTime":1788802189913,"endTime":1788802189977.2524,"status":"passed","message":"","name":"/Users/Zhuanz1/.codex/worktrees/browser-executor-baseline-20260908/浏览器网页批注插件/tests/browser-native-input.test.ts"},{"assertionResults":[{"ancestorTitles":[],"fullName":"无布局框父容器不阻止发现有布局的按钮，条件探测行为一致","status":"passed","title":"无布局框父容器不阻止发现有布局的按钮，条件探测行为一致","duration":90.76387499999998,"failureMessages":[],"meta":{},"tags":[],"benchmarks":[]},{"ancestorTitles":[],"fullName":"visibility 可在子元素恢复；display none、透明、inert 子树仍排除","status":"passed","title":"visibility 可在子元素恢复；display none、透明、inert 子树仍排除","duration":7.334416999999917,"failureMessages":[],"meta":{},"tags":[],"benchmarks":[]},{"ancestorTitles":[],"fullName":"Shadow host 没有布局框仍发现 slot 内容，忽略未分配 light DOM；区域包含分配元素","status":"passed","title":"Shadow host 没有布局框仍发现 slot 内容，忽略未分配 light DOM；区域包含分配元素","duration":10.427582999999913,"failureMessages":[],"meta":{},"tags":[],"benchmarks":[]},{"ancestorTitles":[],"fullName":"两个同名按钮通过表单区域消歧；新快照返回新区域引用","status":"passed","title":"两个同名按钮通过表单区域消歧；新快照返回新区域引用","duration":10.099666999999954,"failureMessages":[],"meta":{},"tags":[],"benchmarks":[]},{"ancestorTitles":[],"fullName":"区域指纹不依赖动态子内容；区域替换或隐藏后不能退回全页","status":"passed","title":"区域指纹不依赖动态子内容；区域替换或隐藏后不能退回全页","duration":9.99529199999995,"failureMessages":[],"meta":{},"tags":[],"benchmarks":[]},{"ancestorTitles":[],"fullName":"禁用字段集可以作为观察范围，但不能把禁用当作已就绪","status":"passed","title":"禁用字段集可以作为观察范围，但不能把禁用当作已就绪","duration":20.36875000000009,"failureMessages":[],"meta":{},"tags":[],"benchmarks":[]},{"ancestorTitles":[],"fullName":"作用域分页与投影保留新 scope，模型能继续在同一表单翻页","status":"passed","title":"作用域分页与投影保留新 scope，模型能继续在同一表单翻页","duration":58.416124999999965,"failureMessages":[],"meta":{},"tags":[],"benchmarks":[]},{"ancestorTitles":[],"fullName":"驱动 waitFor 的轮询和最终快照都保留区域约束","status":"passed","title":"驱动 waitFor 的轮询和最终快照都保留区域约束","duration":13.153083000000038,"failureMessages":[],"meta":{},"tags":[],"benchmarks":[]},{"ancestorTitles":[],"fullName":"页面脚本丢弃区域条件时驱动明确报错，不把整页伪装成分页区域","status":"passed","title":"页面脚本丢弃区域条件时驱动明确报错，不把整页伪装成分页区域","duration":4.623459000000025,"failureMessages":[],"meta":{},"tags":[],"benchmarks":[]},{"ancestorTitles":[],"fullName":"页面脚本忽略 query 或 offset 时不能误报目标不存在","status":"passed","title":"页面脚本忽略 query 或 offset 时不能误报目标不存在","duration":2.477624999999989,"failureMessages":[],"meta":{},"tags":[],"benchmarks":[]}],"startTime":1788802130072,"endTime":1788802130299.4775,"status":"passed","message":"","name":"/Users/Zhuanz1/.codex/worktrees/browser-executor-baseline-20260908/浏览器网页批注插件/tests/browser-regions.test.ts"},{"assertionResults":[{"ancestorTitles":[],"fullName":"滚动先给虚拟行渲染机会，再返回观察；停止不会继续读取网页","status":"passed","title":"滚动先给虚拟行渲染机会，再返回观察；停止不会继续读取网页","duration":6.528083000000009,"failureMessages":[],"meta":{},"tags":[],"benchmarks":[]}],"startTime":1788802199953,"endTime":1788802199959.528,"status":"passed","message":"","name":"/Users/Zhuanz1/.codex/worktrees/browser-executor-baseline-20260908/浏览器网页批注插件/tests/browser-scroll-settle.test.ts"},{"assertionResults":[{"ancestorTitles":[],"fullName":"节点身份跨 snapshot 稳定，替换同名同 DOM id 的节点获得新身份；身份不能用于操作","status":"passed","title":"节点身份跨 snapshot 稳定，替换同名同 DOM id 的节点获得新身份；身份不能用于操作","duration":114.95370799999989,"failureMessages":[],"meta":{},"tags":[],"benchmarks":[]},{"ancestorTitles":[],"fullName":"控件含换行/长文本的快照明确不完整，条件核验可读取完整原值并提供同节点身份","status":"passed","title":"控件含换行/长文本的快照明确不完整，条件核验可读取完整原值并提供同节点身份","duration":8.729708999999957,"failureMessages":[],"meta":{},"tags":[],"benchmarks":[]},{"ancestorTitles":[],"fullName":"同名条件歧义和未匹配不提供能够清除缺口的节点身份","status":"passed","title":"同名条件歧义和未匹配不提供能够清除缺口的节点身份","duration":5.1098749999998745,"failureMessages":[],"meta":{},"tags":[],"benchmarks":[]},{"ancestorTitles":[],"fullName":"只读与禁用分别呈现，切换只读不改变同一控件的核验身份","status":"passed","title":"只读与禁用分别呈现，切换只读不改变同一控件的核验身份","duration":7.725584000000026,"failureMessages":[],"meta":{},"tags":[],"benchmarks":[]}],"startTime":1788802166963,"endTime":1788802167099.7256,"status":"passed","message":"","name":"/Users/Zhuanz1/.codex/worktrees/browser-executor-baseline-20260908/浏览器网页批注插件/tests/browser-verification-identity.test.ts"},{"assertionResults":[{"ancestorTitles":[],"fullName":"延迟条件在一次工具调用内轮询，最终只读一次快照","status":"passed","title":"延迟条件在一次工具调用内轮询，最终只读一次快照","duration":7.699709000000013,"failureMessages":[],"meta":{},"tags":[],"benchmarks":[]},{"ancestorTitles":[],"fullName":"超时返回未满足证据，多匹配立即返回而不空等","status":"passed","title":"超时返回未满足证据，多匹配立即返回而不空等","duration":1.0837499999999807,"failureMessages":[],"meta":{},"tags":[],"benchmarks":[]},{"ancestorTitles":[],"fullName":"用户停止立刻取消等待，不再观察和操作","status":"passed","title":"用户停止立刻取消等待，不再观察和操作","duration":1.5157079999999894,"failureMessages":[],"meta":{},"tags":[],"benchmarks":[]},{"ancestorTitles":[],"fullName":"短暂禁用与移动先等待稳定，然后只发送一次点击","status":"passed","title":"短暂禁用与移动先等待稳定，然后只发送一次点击","duration":3.2677500000000066,"failureMessages":[],"meta":{},"tags":[],"benchmarks":[]},{"ancestorTitles":[],"fullName":"过期 ref 立即退出，不把它自动映射到同名按钮","status":"passed","title":"过期 ref 立即退出，不把它自动映射到同名按钮","duration":0.5542920000000038,"failureMessages":[],"meta":{},"tags":[],"benchmarks":[]},{"ancestorTitles":[],"fullName":"一直被遮挡时超时，未发送任何点击","status":"passed","title":"一直被遮挡时超时，未发送任何点击","duration":1.5154579999999953,"failureMessages":[],"meta":{},"tags":[],"benchmarks":[]},{"ancestorTitles":[],"fullName":"截图拒绝非任务活动页，并丢弃截取过程中切走的截图","status":"passed","title":"截图拒绝非任务活动页，并丢弃截取过程中切走的截图","duration":2.069749999999999,"failureMessages":[],"meta":{},"tags":[],"benchmarks":[]},{"ancestorTitles":[],"fullName":"即使获得全站截图权限，仍拒绝受保护页面并丢弃同标签导航期间的截图","status":"passed","title":"即使获得全站截图权限，仍拒绝受保护页面并丢弃同标签导航期间的截图","duration":0.6293330000000026,"failureMessages":[],"meta":{},"tags":[],"benchmarks":[]}],"startTime":1788802197546,"endTime":1788802197564.6294,"status":"passed","message":"","name":"/Users/Zhuanz1/.codex/worktrees/browser-executor-baseline-20260908/浏览器网页批注插件/tests/browser-wait-driver.test.ts"},{"assertionResults":[{"ancestorTitles":[],"fullName":"通过实际 AI SDK 翻译协议校验乱序 ID，时间不交给模型生成","status":"passed","title":"通过实际 AI SDK 翻译协议校验乱序 ID，时间不交给模型生成","duration":18.307665999999983,"failureMessages":[],"meta":{},"tags":[],"benchmarks":[]},{"ancestorTitles":[],"fullName":"模型不完整或重复输出拒绝落地：not json","status":"passed","title":"模型不完整或重复输出拒绝落地：not json","duration":2.680499999999995,"failureMessages":[],"meta":{},"tags":[],"benchmarks":[]},{"ancestorTitles":[],"fullName":"模型不完整或重复输出拒绝落地：{\"blocks\":[]}","status":"passed","title":"模型不完整或重复输出拒绝落地：{\"blocks\":[]}","duration":2.201999999999998,"failureMessages":[],"meta":{},"tags":[],"benchmarks":[]},{"ancestorTitles":[],"fullName":"模型不完整或重复输出拒绝落地：{\"blocks\":[{\"id\":\"captions\",\"parts\":[{\"key\":\"0\",\"text\":\"你好\"},{\"key\":\"0\",\"text\":\"重复\"}]}]}","status":"passed","title":"模型不完整或重复输出拒绝落地：{\"blocks\":[{\"id\":\"captions\",\"parts\":[{\"key\":\"0\",\"text\":\"你好\"},{\"key\":\"0\",\"text\":\"重复\"}]}]}","duration":1.9655840000000069,"failureMessages":[],"meta":{},"tags":[],"benchmarks":[]},{"ancestorTitles":[],"fullName":"批次按数量和文本预算切分，完整覆盖长视频；源指纹忽略抓取时间但区分平台/分 P/文本","status":"passed","title":"批次按数量和文本预算切分，完整覆盖长视频；源指纹忽略抓取时间但区分平台/分 P/文本","duration":3.2241249999999866,"failureMessages":[],"meta":{},"tags":[],"benchmarks":[]},{"ancestorTitles":[],"fullName":"youtube 完整译文与原文共同冻结，Agent 按译文搜索返回原始时间，旧消息不受新译文影响","status":"passed","title":"youtube 完整译文与原文共同冻结，Agent 按译文搜索返回原始时间，旧消息不受新译文影响","duration":9.156374999999997,"failureMessages":[],"meta":{},"tags":[],"benchmarks":[]},{"ancestorTitles":[],"fullName":"bilibili 完整译文与原文共同冻结，Agent 按译文搜索返回原始时间，旧消息不受新译文影响","status":"passed","title":"bilibili 完整译文与原文共同冻结，Agent 按译文搜索返回原始时间，旧消息不受新译文影响","duration":3.351916000000017,"failureMessages":[],"meta":{},"tags":[],"benchmarks":[]},{"ancestorTitles":[],"fullName":"字幕仅发送匹配当前目标语言、站点和正文的共享术语，不增加时间字段","status":"passed","title":"字幕仅发送匹配当前目标语言、站点和正文的共享术语，不增加时间字段","duration":2.414332999999999,"failureMessages":[],"meta":{},"tags":[],"benchmarks":[]},{"ancestorTitles":[],"fullName":"stable source hashes share display-title changes and still accept immutable legacy message snapshots","status":"passed","title":"stable source hashes share display-title changes and still accept immutable legacy message snapshots","duration":0.770417000000009,"failureMessages":[],"meta":{},"tags":[],"benchmarks":[]}],"startTime":1788802183097,"endTime":1788802183140.7705,"status":"passed","message":"","name":"/Users/Zhuanz1/.codex/worktrees/browser-executor-baseline-20260908/浏览器网页批注插件/tests/caption-translation-runtime.test.ts"},{"assertionResults":[{"ancestorTitles":[],"fullName":"仅可信侧栏可翻译，拒绝网页、相似路径、其他扩展及不支持目标语言","status":"passed","title":"仅可信侧栏可翻译，拒绝网页、相似路径、其他扩展及不支持目标语言","duration":7.713665999999989,"failureMessages":[],"meta":{},"tags":[],"benchmarks":[]},{"ancestorTitles":[],"fullName":"a rejected obsolete start cannot report an error under the new request ID","status":"passed","title":"a rejected obsolete start cannot report an error under the new request ID","duration":65.43,"failureMessages":[],"meta":{},"tags":[],"benchmarks":[]},{"ancestorTitles":[],"fullName":"settings changes invalidate a start that is still loading model configuration","status":"passed","title":"settings changes invalidate a start that is still loading model configuration","duration":31.03008299999999,"failureMessages":[],"meta":{},"tags":[],"benchmarks":[]},{"ancestorTitles":[],"fullName":"默认配置不泄漏密钥；分批失败后续译缓存，换目标语言重新翻译","status":"passed","title":"默认配置不泄漏密钥；分批失败后续译缓存，换目标语言重新翻译","duration":213.01300000000003,"failureMessages":[],"meta":{},"tags":[],"benchmarks":[]},{"ancestorTitles":[],"fullName":"停止或更改模型后，迟到的模型结果不能变成成功译文","status":"passed","title":"停止或更改模型后，迟到的模型结果不能变成成功译文","duration":83.40495899999996,"failureMessages":[],"meta":{},"tags":[],"benchmarks":[]},{"ancestorTitles":[],"fullName":"两个侧栏共享同一任务；关闭其中一个不会终止另一个，切回语言复用缓存","status":"passed","title":"两个侧栏共享同一任务；关闭其中一个不会终止另一个，切回语言复用缓存","duration":271.722625,"failureMessages":[],"meta":{},"tags":[],"benchmarks":[]},{"ancestorTitles":[],"fullName":"播放器接管同一字幕任务，关闭侧栏仍继续，拒绝子框架或其他页面接入","status":"passed","title":"播放器接管同一字幕任务，关闭侧栏仍继续，拒绝子框架或其他页面接入","duration":153.2662089999999,"failureMessages":[],"meta":{},"tags":[],"benchmarks":[]},{"ancestorTitles":[],"fullName":"a historical sidebar capture does not overwrite a player that navigated to another video in the same tab","status":"passed","title":"a historical sidebar capture does not overwrite a player that navigated to another video in the same tab","duration":103.33933300000012,"failureMessages":[],"meta":{},"tags":[],"benchmarks":[]},{"ancestorTitles":[],"fullName":"the first paid batch prioritizes the current playback position, then fills the rest without duplication","status":"passed","title":"the first paid batch prioritizes the current playback position, then fills the rest without duplication","duration":103.32608400000004,"failureMessages":[],"meta":{},"tags":[],"benchmarks":[]},{"ancestorTitles":[],"fullName":"same-document YouTube navigation uses the current frame URL, not the stale connection URL","status":"passed","title":"same-document YouTube navigation uses the current frame URL, not the stale connection URL","duration":102.99691699999994,"failureMessages":[],"meta":{},"tags":[],"benchmarks":[]},{"ancestorTitles":[],"fullName":"a replaced document cannot read through the previous document connection","status":"passed","title":"a replaced document cannot read through the previous document connection","duration":51.520917000000054,"failureMessages":[],"meta":{},"tags":[],"benchmarks":[]},{"ancestorTitles":[],"fullName":"sidebar and player subscribe to one source and platform-track changes propagate in both directions","status":"passed","title":"sidebar and player subscribe to one source and platform-track changes propagate in both directions","duration":155.7052920000001,"failureMessages":[],"meta":{},"tags":[],"benchmarks":[]},{"ancestorTitles":[],"fullName":"display-only settings do not interrupt translation; glossary changes invalidate an in-flight result","status":"passed","title":"display-only settings do not interrupt translation; glossary changes invalidate an in-flight result","duration":61.919124999999894,"failureMessages":[],"meta":{},"tags":[],"benchmarks":[]},{"ancestorTitles":[],"fullName":"shared glossary reaches caption translation and is omitted when disabled","status":"passed","title":"shared glossary reaches caption translation and is omitted when disabled","duration":104.13795800000003,"failureMessages":[],"meta":{},"tags":[],"benchmarks":[]},{"ancestorTitles":[],"fullName":"opening a video from https://www.youtube.com/ keeps the original document URL but can connect and read current captions","status":"passed","title":"opening a video from https://www.youtube.com/ keeps the original document URL but can connect and read current captions","duration":107.0524170000001,"failureMessages":[],"meta":{},"tags":[],"benchmarks":[]},{"ancestorTitles":[],"fullName":"opening a video from https://www.youtube.com/results?search_query=video keeps the original document URL but can connect and read current captions","status":"passed","title":"opening a video from https://www.youtube.com/results?search_query=video keeps the original document URL but can connect and read current captions","duration":102.85024999999996,"failureMessages":[],"meta":{},"tags":[],"benchmarks":[]},{"ancestorTitles":[],"fullName":"581 cues recover from a malformed batch at 72 without retranslating successful cues","status":"passed","title":"581 cues recover from a malformed batch at 72 without retranslating successful cues","duration":52.939124999999876,"failureMessages":[],"meta":{},"tags":[],"benchmarks":[]},{"ancestorTitles":[],"fullName":"persistent malformed responses stop after three recovery requests and retain previous batches","status":"passed","title":"persistent malformed responses stop after three recovery requests and retain previous batches","duration":50.959249999999884,"failureMessages":[],"meta":{},"tags":[],"benchmarks":[]},{"ancestorTitles":[],"fullName":"youtube: passive sidebar receives player start, stop and resume; reopen/start joins without abort or duplicate calls","status":"passed","title":"youtube: passive sidebar receives player start, stop and resume; reopen/start joins without abort or duplicate calls","duration":270.7043329999997,"failureMessages":[],"meta":{},"tags":[],"benchmarks":[]},{"ancestorTitles":[],"fullName":"bilibili: passive sidebar receives player start, stop and resume; reopen/start joins without abort or duplicate calls","status":"passed","title":"bilibili: passive sidebar receives player start, stop and resume; reopen/start joins without abort or duplicate calls","duration":266.71275000000014,"failureMessages":[],"meta":{},"tags":[],"benchmarks":[]},{"ancestorTitles":[],"fullName":"passive subscriptions isolate target languages and stopped cache stays stopped on reopen","status":"passed","title":"passive subscriptions isolate target languages and stopped cache stays stopped on reopen","duration":52.247957999999926,"failureMessages":[],"meta":{},"tags":[],"benchmarks":[]},{"ancestorTitles":[],"fullName":"the sole viewer can reopen a stopped cached job without starting a model request","status":"passed","title":"the sole viewer can reopen a stopped cached job without starting a model request","duration":114.03970900000013,"failureMessages":[],"meta":{},"tags":[],"benchmarks":[]}],"startTime":1788802060857,"endTime":1788802063384.0398,"status":"passed","message":"","name":"/Users/Zhuanz1/.codex/worktrees/browser-executor-baseline-20260908/浏览器网页批注插件/tests/caption-translation-service.test.ts"},{"assertionResults":[{"ancestorTitles":[],"fullName":"所选设计默认简中，展开才加载配置，开始翻译后保留搜索、正确定位、完整快照","status":"passed","title":"所选设计默认简中，展开才加载配置，开始翻译后保留搜索、正确定位、完整快照","duration":80.82537500000001,"failureMessages":[],"meta":{},"tags":[],"benchmarks":[]},{"ancestorTitles":[],"fullName":"配置引导走当前侧栏导航；返回面板重新读取配置且不自动调用翻译","status":"passed","title":"配置引导走当前侧栏导航；返回面板重新读取配置且不自动调用翻译","duration":69.06870800000002,"failureMessages":[],"meta":{},"tags":[],"benchmarks":[]},{"ancestorTitles":[],"fullName":"停止后迟到的进度不能覆盖 UI；原文仍可用，配置错误有提示","status":"passed","title":"停止后迟到的进度不能覆盖 UI；原文仍可用，配置错误有提示","duration":11.246417000000065,"failureMessages":[],"meta":{},"tags":[],"benchmarks":[]},{"ancestorTitles":[],"fullName":"switching language after completion rejects duplicate progress for the previous language","status":"passed","title":"switching language after completion rejects duplicate progress for the previous language","duration":20.936958000000004,"failureMessages":[],"meta":{},"tags":[],"benchmarks":[]},{"ancestorTitles":[],"fullName":"passive sidebar renders shared running/retry/stopped/completed snapshots without starting translation","status":"passed","title":"passive sidebar renders shared running/retry/stopped/completed snapshots without starting translation","duration":12.85241700000006,"failureMessages":[],"meta":{},"tags":[],"benchmarks":[]},{"ancestorTitles":[],"fullName":"rejects an old-language progress event even if it races under the new subscription ID","status":"passed","title":"rejects an old-language progress event even if it races under the new subscription ID","duration":7.550333000000023,"failureMessages":[],"meta":{},"tags":[],"benchmarks":[]},{"ancestorTitles":[],"fullName":"keeps the visible completed subscription alive and releases its heartbeat on dispose","status":"passed","title":"keeps the visible completed subscription alive and releases its heartbeat on dispose","duration":8.993624999999952,"failureMessages":[],"meta":{},"tags":[],"benchmarks":[]}],"startTime":1788802155336,"endTime":1788802155547.9937,"status":"passed","message":"","name":"/Users/Zhuanz1/.codex/worktrees/browser-executor-baseline-20260908/浏览器网页批注插件/tests/caption-translation-view.test.ts"},{"assertionResults":[{"ancestorTitles":[],"fullName":"选择文字工具不打开角落输入框；点击目标原位输入，完成后导出对应位置","status":"passed","title":"选择文字工具不打开角落输入框；点击目标原位输入，完成后导出对应位置","duration":76.10050000000001,"failureMessages":[],"meta":{},"tags":[],"benchmarks":[]},{"ancestorTitles":[],"fullName":"中文输入法回车不提交，Shift+Enter换行；二次编辑可取消且不破坏原文","status":"passed","title":"中文输入法回车不提交，Shift+Enter换行；二次编辑可取消且不破坏原文","duration":57.77995800000008,"failureMessages":[],"meta":{},"tags":[],"benchmarks":[]},{"ancestorTitles":[],"fullName":"再次修改可撤销重做，移动和删除也纳入撤销，不重复盖章","status":"passed","title":"再次修改可撤销重做，移动和删除也纳入撤销，不重复盖章","duration":63.32958299999996,"failureMessages":[],"meta":{},"tags":[],"benchmarks":[]},{"ancestorTitles":[],"fullName":"导出会提交尚未按完成的文字；字号独立生效且不清空草稿","status":"passed","title":"导出会提交尚未按完成的文字；字号独立生效且不清空草稿","duration":58.39641700000004,"failureMessages":[],"meta":{},"tags":[],"benchmarks":[]},{"ancestorTitles":[],"fullName":"边缘文字编辑框保持在截图范围内，空文字不会产生可删除标注","status":"passed","title":"边缘文字编辑框保持在截图范围内，空文字不会产生可删除标注","duration":57.001666,"failureMessages":[],"meta":{},"tags":[],"benchmarks":[]},{"ancestorTitles":[],"fullName":"过长文字不能静默裁切导出，调整文字后仍可正常提交","status":"passed","title":"过长文字不能静默裁切导出，调整文字后仍可正常提交","duration":63.521041999999966,"failureMessages":[],"meta":{},"tags":[],"benchmarks":[]},{"ancestorTitles":[],"fullName":"选区和选择工具不展示无效颜色设置，文字模式使用独立字号","status":"passed","title":"选区和选择工具不展示无效颜色设置，文字模式使用独立字号","duration":55.36279200000001,"failureMessages":[],"meta":{},"tags":[],"benchmarks":[]},{"ancestorTitles":[],"fullName":"画笔中途取消回滚草稿，Esc退出会清理监听且允许重新打开","status":"passed","title":"画笔中途取消回滚草稿，Esc退出会清理监听且允许重新打开","duration":55.821750000000065,"failureMessages":[],"meta":{},"tags":[],"benchmarks":[]},{"ancestorTitles":[],"fullName":"连续序号、撤销后复用序号，移动和删除支持撤销","status":"passed","title":"连续序号、撤销后复用序号，移动和删除支持撤销","duration":59.659499999999866,"failureMessages":[],"meta":{},"tags":[],"benchmarks":[]},{"ancestorTitles":[],"fullName":"L 和可点击的长截图入口返回选区，输入文字中的 L 不切换模式","status":"passed","title":"L 和可点击的长截图入口返回选区，输入文字中的 L 不切换模式","duration":54.8929169999999,"failureMessages":[],"meta":{},"tags":[],"benchmarks":[]},{"ancestorTitles":[],"fullName":"已有标注不会被长截图入口静默丢弃，取消始终在工具栏内","status":"passed","title":"已有标注不会被长截图入口静默丢弃，取消始终在工具栏内","duration":56.29879200000005,"failureMessages":[],"meta":{},"tags":[],"benchmarks":[]},{"ancestorTitles":[]
[...]
Messages":[],"meta":{},"tags":[],"benchmarks":[]},{"ancestorTitles":[],"fullName":"double clicking explain sends only one pending quote","status":"passed","title":"double clicking explain sends only one pending quote","duration":60.08737499999995,"failureMessages":[],"meta":{},"tags":[],"benchmarks":[]},{"ancestorTitles":[],"fullName":"successful handoff stays successful when the browser refuses to exit fullscreen","status":"passed","title":"successful handoff stays successful when the browser refuses to exit fullscreen","duration":58.32741599999986,"failureMessages":[],"meta":{},"tags":[],"benchmarks":[]},{"ancestorTitles":[],"fullName":"connection loss offers reconnection without discarding readable translations","status":"passed","title":"connection loss offers reconnection without discarding readable translations","duration":32.842166000000134,"failureMessages":[],"meta":{},"tags":[],"benchmarks":[]},{"ancestorTitles":[],"fullName":"manual playback dismisses the paused waiting state","status":"passed","title":"manual playback dismisses the paused waiting state","duration":30.37520799999993,"failureMessages":[],"meta":{},"tags":[],"benchmarks":[]},{"ancestorTitles":[],"fullName":"dragging a caption selection outside its row still freezes the selected player words","status":"passed","title":"dragging a caption selection outside its row still freezes the selected player words","duration":33.45120900000006,"failureMessages":[],"meta":{},"tags":[],"benchmarks":[]},{"ancestorTitles":[],"fullName":"a selection elsewhere on the page does not replace a clicked subtitle with coincidentally matching words","status":"passed","title":"a selection elsewhere on the page does not replace a clicked subtitle with coincidentally matching words","duration":27.144583999999895,"failureMessages":[],"meta":{},"tags":[],"benchmarks":[]},{"ancestorTitles":[],"fullName":"opening an existing player from the sidebar re-reads its selected source","status":"passed","title":"opening an existing player from the sidebar re-reads its selected source","duration":25.639249999999947,"failureMessages":[],"meta":{},"tags":[],"benchmarks":[]},{"ancestorTitles":[],"fullName":"youtube navigation clears old subtitles and displays the latest source without reopening","status":"passed","title":"youtube navigation clears old subtitles and displays the latest source without reopening","duration":42.059375000000045,"failureMessages":[],"meta":{},"tags":[],"benchmarks":[]},{"ancestorTitles":[],"fullName":"bilibili navigation clears old subtitles and displays the latest source without reopening","status":"passed","title":"bilibili navigation clears old subtitles and displays the latest source without reopening","duration":37.968500000000176,"failureMessages":[],"meta":{},"tags":[],"benchmarks":[]},{"ancestorTitles":[],"fullName":"display preferences affect captions immediately without restarting translation","status":"passed","title":"display preferences affect captions immediately without restarting translation","duration":35.70224999999982,"failureMessages":[],"meta":{},"tags":[],"benchmarks":[]},{"ancestorTitles":[],"fullName":"opt-in auto pause waits for the current cue, never auto resumes and does not fight manual playback","status":"passed","title":"opt-in auto pause waits for the current cue, never auto resumes and does not fight manual playback","duration":44.98441600000001,"failureMessages":[],"meta":{},"tags":[],"benchmarks":[]},{"ancestorTitles":[],"fullName":"settings page opens with a named button and Escape returns focus before closing the panel","status":"passed","title":"settings page opens with a named button and Escape returns focus before closing the panel","duration":31.45179200000007,"failureMessages":[],"meta":{},"tags":[],"benchmarks":[]},{"ancestorTitles":[],"fullName":"authoritative stopped/retrying snapshots keep player controls in sync with sidebar","status":"passed","title":"authoritative stopped/retrying snapshots keep player controls in sync with sidebar","duration":48.84154199999989,"failureMessages":[],"meta":{},"tags":[],"benchmarks":[]}],"startTime":1788802083593,"endTime":1788802084405.8416,"status":"passed","message":"","name":"/Users/Zhuanz1/.codex/worktrees/browser-executor-baseline-20260908/浏览器网页批注插件/tests/video-player.test.ts"},{"assertionResults":[{"ancestorTitles":[],"fullName":"同视频原位定位保留小数秒与暂停状态，不需要播放或刷新","status":"passed","title":"同视频原位定位保留小数秒与暂停状态，不需要播放或刷新","duration":10.070208000000093,"failureMessages":[],"meta":{},"tags":[],"benchmarks":[]},{"ancestorTitles":[],"fullName":"拒绝不同视频、广告及超出视频时长的时间","status":"passed","title":"拒绝不同视频、广告及超出视频时长的时间","duration":4.907124999999951,"failureMessages":[],"meta":{},"tags":[],"benchmarks":[]},{"ancestorTitles":[],"fullName":"B 站同时核验 BV、分 P 与 cid 后才定位","status":"passed","title":"B 站同时核验 BV、分 P 与 cid 后才定位","duration":1.2267500000000382,"failureMessages":[],"meta":{},"tags":[],"benchmarks":[]},{"ancestorTitles":[],"fullName":"定位成功只激活原标签，不提交新 URL","status":"passed","title":"定位成功只激活原标签，不提交新 URL","duration":2.4059579999999414,"failureMessages":[],"meta":{},"tags":[],"benchmarks":[]},{"ancestorTitles":[],"fullName":"注入期间标签发生导航时打开来源新标签，不覆盖新网页","status":"passed","title":"注入期间标签发生导航时打开来源新标签，不覆盖新网页","duration":0.4410000000000309,"failureMessages":[],"meta":{},"tags":[],"benchmarks":[]}],"startTime":1788802199740,"endTime":1788802199759.441,"status":"passed","message":"","name":"/Users/Zhuanz1/.codex/worktrees/browser-executor-baseline-20260908/浏览器网页批注插件/tests/video-seek.test.ts"},{"assertionResults":[{"ancestorTitles":[],"fullName":"platform entry documents remain eligible after same-document navigation: https://www.youtube.com/","status":"passed","title":"platform entry documents remain eligible after same-document navigation: https://www.youtube.com/","duration":1.0386660000000063,"failureMessages":[],"meta":{},"tags":[],"benchmarks":[]},{"ancestorTitles":[],"fullName":"platform entry documents remain eligible after same-document navigation: https://www.youtube.com/results?search_query=test","status":"passed","title":"platform entry documents remain eligible after same-document navigation: https://www.youtube.com/results?search_query=test","duration":0.10516700000000867,"failureMessages":[],"meta":{},"tags":[],"benchmarks":[]},{"ancestorTitles":[],"fullName":"platform entry documents remain eligible after same-document navigation: https://www.bilibili.com/","status":"passed","title":"platform entry documents remain eligible after same-document navigation: https://www.bilibili.com/","duration":0.08645900000000495,"failureMessages":[],"meta":{},"tags":[],"benchmarks":[]},{"ancestorTitles":[],"fullName":"platform-origin authorization does not admit subframes, lookalike sites, missing documents or another extension","status":"passed","title":"platform-origin authorization does not admit subframes, lookalike sites, missing documents or another extension","duration":0.19829099999999755,"failureMessages":[],"meta":{},"tags":[],"benchmarks":[]}],"startTime":1788802202212,"endTime":1788802202213.1982,"status":"passed","message":"","name":"/Users/Zhuanz1/.codex/worktrees/browser-executor-baseline-20260908/浏览器网页批注插件/tests/video-sender.test.ts"},{"assertionResults":[{"ancestorTitles":[],"fullName":"only trusted extension surfaces receive public video settings; API keys never cross the bridge","status":"passed","title":"only trusted extension surfaces receive public video settings; API keys never cross the bridge","duration":55.61824999999999,"failureMessages":[],"meta":{},"tags":[],"benchmarks":[]},{"ancestorTitles":[],"fullName":"validated patches only write requested fields and broadcast to other settings viewers","status":"passed","title":"validated patches only write requested fields and broadcast to other settings viewers","duration":54.407624999999996,"failureMessages":[],"meta":{},"tags":[],"benchmarks":[]},{"ancestorTitles":[],"fullName":"failed writes return a matching failure and do not claim the setting was saved","status":"passed","title":"failed writes return a matching failure and do not claim the setting was saved","duration":52.38833299999999,"failureMessages":[],"meta":{},"tags":[],"benchmarks":[]}],"startTime":1788802159793,"endTime":1788802159955.3884,"status":"passed","message":"","name":"/Users/Zhuanz1/.codex/worktrees/browser-executor-baseline-20260908/浏览器网页批注插件/tests/video-settings-service.test.ts"},{"assertionResults":[{"ancestorTitles":[],"fullName":"invalid stored fields fall back independently and patches do not inject absent defaults","status":"passed","title":"invalid stored fields fall back independently and patches do not inject absent defaults","duration":4.741209000000026,"failureMessages":[],"meta":{},"tags":[],"benchmarks":[]},{"ancestorTitles":[],"fullName":"two surfaces merge different fields and synchronize without replacing unrelated storage","status":"passed","title":"two surfaces merge different fields and synchronize without replacing unrelated storage","duration":1.7655419999999822,"failureMessages":[],"meta":{},"tags":[],"benchmarks":[]},{"ancestorTitles":[],"fullName":"late initial storage cannot overwrite a preference edited while it was loading","status":"passed","title":"late initial storage cannot overwrite a preference edited while it was loading","duration":51.819124999999985,"failureMessages":[],"meta":{},"tags":[],"benchmarks":[]},{"ancestorTitles":[],"fullName":"failed settings saves retain the last value and allow a successful retry","status":"passed","title":"failed settings saves retain the last value and allow a successful retry","duration":1.1891669999999976,"failureMessages":[],"meta":{},"tags":[],"benchmarks":[]},{"ancestorTitles":[],"fullName":"settings UI saves and previews preferences without asking any model, and supports localized controls","status":"passed","title":"settings UI saves and previews preferences without asking any model, and supports localized controls","duration":88.90508399999999,"failureMessages":[],"meta":{},"tags":[],"benchmarks":[]},{"ancestorTitles":[],"fullName":"content-script settings use the restricted bridge without touching protected storage","status":"passed","title":"content-script settings use the restricted bridge without touching protected storage","duration":1.9563750000000937,"failureMessages":[],"meta":{},"tags":[],"benchmarks":[]},{"ancestorTitles":[],"fullName":"video settings inside Quick settings save immediately without marking unrelated Quick settings dirty","status":"passed","title":"video settings inside Quick settings save immediately without marking unrelated Quick settings dirty","duration":152.72524999999996,"failureMessages":[],"meta":{},"tags":[],"benchmarks":[]}],"startTime":1788802129127,"endTime":1788802129429.7253,"status":"passed","message":"","name":"/Users/Zhuanz1/.codex/worktrees/browser-executor-baseline-20260908/浏览器网页批注插件/tests/video-settings.test.ts"},{"assertionResults":[{"ancestorTitles":[],"fullName":"sidebar and player concurrent reads share one capture and one selected track","status":"passed","title":"sidebar and player concurrent reads share one capture and one selected track","duration":2.284165999999999,"failureMessages":[],"meta":{},"tags":[],"benchmarks":[]},{"ancestorTitles":[],"fullName":"a late old track cannot publish over the selected new track","status":"passed","title":"a late old track cannot publish over the selected new track","duration":52.28245899999999,"failureMessages":[],"meta":{},"tags":[],"benchmarks":[]},{"ancestorTitles":[],"fullName":"navigation rejects stale source reads and lets the next video acquire a fresh source","status":"passed","title":"navigation rejects stale source reads and lets the next video acquire a fresh source","duration":0.4242919999999799,"failureMessages":[],"meta":{},"tags":[],"benchmarks":[]}],"startTime":1788802191634,"endTime":1788802191689.4243,"status":"passed","message":"","name":"/Users/Zhuanz1/.codex/worktrees/browser-executor-baseline-20260908/浏览器网页批注插件/tests/video-source-hub.test.ts"},{"assertionResults":[{"ancestorTitles":[],"fullName":"rejects saved text profiles, manual IDs and prefixed relay IDs without mutating active settings","status":"passed","title":"rejects saved text profiles, manual IDs and prefixed relay IDs without mutating active settings","duration":6.868707999999998,"failureMessages":[],"meta":{},"tags":[],"benchmarks":[]},{"ancestorTitles":[],"fullName":"custom connections require actual verification scoped to endpoint, model and key; logo is irrelevant","status":"passed","title":"custom connections require actual verification scoped to endpoint, model and key; logo is irrelevant","duration":3.661833999999999,"failureMessages":[],"meta":{},"tags":[],"benchmarks":[]},{"ancestorTitles":[],"fullName":"known model names do not confer trust to another provider or an arbitrary endpoint","status":"passed","title":"known model names do not confer trust to another provider or an arbitrary endpoint","duration":0.25466700000001197,"failureMessages":[],"meta":{},"tags":[],"benchmarks":[]},{"ancestorTitles":[],"fullName":"text-only and unverified connections cannot send even text-only requests through quick-action transport","status":"passed","title":"text-only and unverified connections cannot send even text-only requests through quick-action transport","duration":17.370541000000003,"failureMessages":[],"meta":{},"tags":[],"benchmarks":[]},{"ancestorTitles":[],"fullName":"vision test requires the actual image answer including leading zeros","status":"passed","title":"vision test requires the actual image answer including leading zeros","duration":0.3795829999999967,"failureMessages":[],"meta":{},"tags":[],"benchmarks":[]},{"ancestorTitles":[],"fullName":"配置就绪状态来自后台策略，空密钥与尚未授权不会被隐式补齐","status":"passed","title":"配置就绪状态来自后台策略，空密钥与尚未授权不会被隐式补齐","duration":1.6813330000000235,"failureMessages":[],"meta":{},"tags":[],"benchmarks":[]}],"startTime":1788802192793,"endTime":1788802192822.6814,"status":"passed","message":"","name":"/Users/Zhuanz1/.codex/worktrees/browser-executor-baseline-20260908/浏览器网页批注插件/tests/vision-policy.test.ts"},{"assertionResults":[{"ancestorTitles":[],"fullName":"图片验证与纯文字模型保护","status":"passed","title":"图片验证与纯文字模型保护","duration":2.849415999999991,"failureMessages":[],"meta":{},"tags":[],"benchmarks":[]},{"ancestorTitles":[],"fullName":"排队、编辑与消费保留图片，UI与模型历史都有图片","status":"passed","title":"排队、编辑与消费保留图片，UI与模型历史都有图片","duration":1.4498330000000124,"failureMessages":[],"meta":{},"tags":[],"benchmarks":[]},{"ancestorTitles":[],"fullName":"官方 SDK 实际请求包含 image_url，截图工具输出也转换为模型图像","status":"passed","title":"官方 SDK 实际请求包含 image_url，截图工具输出也转换为模型图像","duration":23.163083999999998,"failureMessages":[],"meta":{},"tags":[],"benchmarks":[]},{"ancestorTitles":[],"fullName":"图片传输大小不被误算成文本上下文","status":"passed","title":"图片传输大小不被误算成文本上下文","duration":0.30000000000001137,"failureMessages":[],"meta":{},"tags":[],"benchmarks":[]},{"ancestorTitles":[],"fullName":"纯字母长文本、Data URL 文本及工具 JSON 不会被图片预算替换","status":"passed","title":"纯字母长文本、Data URL 文本及工具 JSON 不会被图片预算替换","duration":0.5256249999999909,"failureMessages":[],"meta":{},"tags":[],"benchmarks":[]},{"ancestorTitles":[],"fullName":"只压缩 SDK 明确声明的多模态图片部分，旁边的文本仍完整计入估算","status":"passed","title":"只压缩 SDK 明确声明的多模态图片部分，旁边的文本仍完整计入估算","duration":0.17833400000000665,"failureMessages":[],"meta":{},"tags":[],"benchmarks":[]}],"startTime":1788802176591,"endTime":1788802176619.1782,"status":"passed","message":"","name":"/Users/Zhuanz1/.codex/worktrees/browser-executor-baseline-20260908/浏览器网页批注插件/tests/vision.test.ts"},{"assertionResults":[{"ancestorTitles":[],"fullName":"写后回读失败保留响应并恢复，结果未知从持久化副本恢复后也不重发","status":"passed","title":"写后回读失败保留响应并恢复，结果未知从持久化副本恢复后也不重发","duration":8.78770800000001,"failureMessages":[],"meta":{},"tags":[],"benchmarks":[]},{"ancestorTitles":[],"fullName":"本地前置校验或版本冲突不创建未知提交；恢复后同操作可再次验证","status":"passed","title":"本地前置校验或版本冲突不创建未知提交；恢复后同操作可再次验证","duration":18.743458000000032,"failureMessages":[],"meta":{},"tags":[],"benchmarks":[]},{"ancestorTitles":[],"fullName":"区块文本转义，禁止脚本链接/HTML类型和未核验图片；保存原生页面并核对回读","status":"passed","title":"区块文本转义，禁止脚本链接/HTML类型和未核验图片；保存原生页面并核对回读","duration":15.729083000000003,"failureMessages":[],"meta":{},"tags":[],"benchmarks":[]},{"ancestorTitles":[],"fullName":"图片原始字节导入与multipart上传一致；重复调用复用媒体回执","status":"passed","title":"图片原始字节导入与multipart上传一致；重复调用复用媒体回执","duration":8.52291600000001,"failureMessages":[],"meta":{},"tags":[],"benchmarks":[]},{"ancestorTitles":[],"fullName":"ACF全表先校验、预览绑定固定批次，成功导入与重试只创建一次","status":"passed","title":"ACF全表先校验、预览绑定固定批次，成功导入与重试只创建一次","duration":35.3485,"failureMessages":[],"meta":{},"tags":[],"benchmarks":[]},{"ancestorTitles":[],"fullName":"插件调用只读GET/写POST分离，校验实时schema并回读真实表单","status":"passed","title":"插件调用只读GET/写POST分离，校验实时schema并回读真实表单","duration":5.069292000000019,"failureMessages":[],"meta":{},"tags":[],"benchmarks":[]},{"ancestorTitles":[],"fullName":"主题读取权限不足保留unknown；只读编译检查深层媒体并保存完整计划","status":"passed","title":"主题读取权限不足保留unknown；只读编译检查深层媒体并保存完整计划","duration":6.442124999999976,"failureMessages":[],"meta":{},"tags":[],"benchmarks":[]},{"ancestorTitles":[],"fullName":"选择模板须实时枚举且回读一致；错误模板不发写请求","status":"passed","title":"选择模板须实时枚举且回读一致；错误模板不发写请求","duration":2.4169160000000147,"failureMessages":[],"meta":{},"tags":[],"benchmarks":[]},{"ancestorTitles":[],"fullName":"禁止失衡列宽、不规则表格、CSS注入和过深树，所有内置组合可以编译","status":"passed","title":"禁止失衡列宽、不规则表格、CSS注入和过深树，所有内置组合可以编译","duration":2.8137499999999704,"failureMessages":[],"meta":{},"tags":[],"benchmarks":[]},{"ancestorTitles":[],"fullName":"站点缺少所需区块拒绝编译，读取失败不能伪装成功","status":"passed","title":"站点缺少所需区块拒绝编译，读取失败不能伪装成功","duration":3.736666000000014,"failureMessages":[],"meta":{},"tags":[],"benchmarks":[]}],"startTime":1788802165146,"endTime":1788802165253.7366,"status":"passed","message":"","name":"/Users/Zhuanz1/.codex/worktrees/browser-executor-baseline-20260908/浏览器网页批注插件/tests/wordpress-workflows.test.ts"},{"assertionResults":[{"ancestorTitles":[],"fullName":"两个页面并发新增编号唯一，删除不复用，整批清空才重新从 A1 开始","status":"passed","title":"两个页面并发新增编号唯一，删除不复用，整批清空才重新从 A1 开始","duration":9.882707999999994,"failureMessages":[],"meta":{},"tags":[],"benchmarks":[]},{"ancestorTitles":[],"fullName":"历史批注重新编辑只更新要求，编号、URL、设备、原始截图不被覆盖","status":"passed","title":"历史批注重新编辑只更新要求，编号、URL、设备、原始截图不被覆盖","duration":1.0994170000000025,"failureMessages":[],"meta":{},"tags":[],"benchmarks":[]},{"ancestorTitles":[],"fullName":"跨页面附件和编号索引对应，每条正文保留 URL 与采集设备尺寸","status":"passed","title":"跨页面附件和编号索引对应，每条正文保留 URL 与采集设备尺寸","duration":6.156209000000018,"failureMessages":[],"meta":{},"tags":[],"benchmarks":[]},{"ancestorTitles":[],"fullName":"短码不补零、溢出有明确错误、旧数据不猜设备类型","status":"passed","title":"短码不补零、溢出有明确错误、旧数据不猜设备类型","duration":0.29579100000000835,"failureMessages":[],"meta":{},"tags":[],"benchmarks":[]},{"ancestorTitles":[],"fullName":"编辑草稿可以恢复，清空之后迟到的草稿不能复活旧数据","status":"passed","title":"编辑草稿可以恢复，清空之后迟到的草稿不能复活旧数据","duration":0.651582999999988,"failureMessages":[],"meta":{},"tags":[],"benchmarks":[]},{"ancestorTitles":[],"fullName":"取消编辑恢复进入时的草稿，已保存批注不产生假草稿，空白新批注退出","status":"passed","title":"取消编辑恢复进入时的草稿，已保存批注不产生假草稿，空白新批注退出","duration":1.5204999999999984,"failureMessages":[],"meta":{},"tags":[],"benchmarks":[]},{"ancestorTitles":[],"fullName":"取消编辑区分跟随交付设置和单条明确附代码","status":"passed","title":"取消编辑区分跟随交付设置和单条明确附代码","duration":0.5815419999999847,"failureMessages":[],"meta":{},"tags":[],"benchmarks":[]},{"ancestorTitles":[],"fullName":"误选不分配编号或创建正式卡片，提交才分配，空白暂存会被下次选区替换","status":"passed","title":"误选不分配编号或创建正式卡片，提交才分配，空白暂存会被下次选区替换","duration":0.9553749999999752,"failureMessages":[],"meta":{},"tags":[],"benchmarks":[]},{"ancestorTitles":[],"fullName":"对话选取允许空说明作为上下文保存，普通评审批注仍需说明","status":"passed","title":"对话选取允许空说明作为上下文保存，普通评审批注仍需说明","duration":0.95150000000001,"failureMessages":[],"meta":{},"tags":[],"benchmarks":[]}],"startTime":1788802198375,"endTime":1788802198397.9514,"status":"passed","message":"","name":"/Users/Zhuanz1/.codex/worktrees/browser-executor-baseline-20260908/浏览器网页批注插件/tests/workspace.test.ts"}]}